<?xml version="1.0" encoding="UTF-8"?>
<testsuite xmlns:xsi="http://www.w3.org/2001/XMLSchema-instance" xsi:noNamespaceSchemaLocation="https://maven.apache.org/surefire/maven-surefire-plugin/xsd/surefire-test-report-3.0.xsd" version="3.0" name="org.loyer.komoo.test.MyTest" time="9.197" tests="4" errors="4" skipped="0" failures="0">
  <properties>
[...]
</properties>
  <testcase name="test01" classname="org.loyer.komoo.test.MyTest" time="3.043">
    <error message="Invalid bound statement (not found): org.loyer.komoo.dao.Ikm036smtDao.selectAll" type="org.apache.ibatis.binding.BindingException">org.apache.ibatis.binding.BindingException: Invalid bound statement (not found): org.loyer.komoo.dao.Ikm036smtDao.selectAll
	at org.loyer.komoo.test.MyTest.test01(MyTest.java:28)
Caused by: java.lang.IllegalArgumentException: Mapped Statements collection does not contain value for org.loyer.komoo.dao.Ikm036smtDao.selectAll
	at org.loyer.komoo.test.MyTest.test01(MyTest.java:28)
</error>
    <system-err><![CDATA[[org.springframework.core.env.StandardEnvironment]-Adding PropertySource 'systemProperties' with lowest search precedence-[DEBUG]
[org.springframework.core.env.StandardEnvironment]-Adding PropertySource 'systemEnvironment' with lowest search precedence-[DEBUG]
[org.springframework.core.env.StandardEnvironment]-Initialized StandardEnvironment with PropertySources [MapPropertySource@1509563803 {name='systemProperties', properties={java.runtime.name=Java(TM) SE Runtime Environment, sun.boot.library.path=D:\Java\JDK8\jre\bin, java.vm.version=25.181-b13, java.vm.vendor=Oracle Corporation, java.vendor.url=http://java.oracle.com/, path.separator=;, java.vm.name=Java HotSpot(TM) 64-Bit Server VM, file.encoding.pkg=sun.io, user.country=CN, user.script=, sun.java.launcher=SUN_STANDARD, sun.os.patch.level=, java.vm.specification.name=Java Virtual Machine Specification, user.dir=L:\00Kyokuto-Projects-Loyer\komoo\komoo-MP-Spring-myBatis-Maven, java.runtime.version=1.8.0_181-b13, basedir=L:\00Kyokuto-Projects-Loyer\komoo\komoo-MP-Spring-myBatis-Maven, java.awt.graphicsenv=sun.awt.Win32GraphicsEnvironment, java.endorsed.dirs=D:\Java\JDK8\jre\lib\endorsed, os.arch=amd64, surefire.real.class.path=C:\Users\hw076\AppData\Local\Temp\surefire7252866630205138909\surefirebooter2778278561202904608.jar, java.io.tmpdir=C:\Users\hw076\AppData\Local\Temp\, line.separator=
, java.vm.specification.vendor=Oracle Corporation, user.variant=, os.name=Windows 10, sun.jnu.encoding=GBK, java.library.path=D:\Java\JDK8\jre\bin;C:\WINDOWS\Sun\Java\bin;C:\WINDOWS\system32;C:\WINDOWS;D:\Java\JDK8\bin;D:\Java\JDK8\jre\bin;C:\Program Files (x86)\Common Files\Oracle\Java\javapath;C:\WINDOWS\system32;C:\WINDOWS;C:\WINDOWS\System32\Wbem;C:\WINDOWS\System32\WindowsPowerShell\v1.0\;C:\Program Files (x86)\NVIDIA Corporation\PhysX\Common;D:\Program Files (x86)\TDM_GCC\bin;D:\mySQL\mysql-8.0\bin;C:\Program Files (x86)\Microsoft SQL Server\100\Tools\Binn\;C:\Program Files\Microsoft SQL Server\100\Tools\Binn\;C:\Program Files\Microsoft SQL Server\100\DTS\Binn\;C:\Program Files (x86)\Microsoft SQL Server\100\Tools\Binn\VSShell\Common7\IDE\;C:\Program Files (x86)\Microsoft SQL Server\100\DTS\Binn\;D:\Program Files (x86)\AD69\System;C:\Program Files (x86)\Microsoft SQL Server\140\Tools\Binn\;C:\Program Files\Microsoft SQL Server\140\Tools\Binn\;C:\Program Files (x86)\Microsoft SQL Server\140\DTS\Binn\;C:\Program Files\Microsoft SQL Server\140\DTS\Binn\;C:\Program Files\Microsoft SQL Server\Client SDK\ODBC\130\Tools\Binn\;C:\Program Files (x86)\Microsoft SQL Server\Client SDK\ODBC\130\Tools\Binn\;C:\Program Files (x86)\Microsoft SQL Server\140\Tools\Binn\ManagementStudio\;D:\Program Files (x86)\Git\Git\cmd;C:\Program Files (x86)\IVI Foundation\VISA\WinNT\Bin\;C:\Program Files\IVI Foundation\VISA\Win64\Bin\;C:\Program Files (x86)\IVI Foundation\VISA\WinNT\Bin;C:\Program Files (x86)\IVI Foundation\VISA\WinNT\ktvisa;C:\Program Files (x86)\IVI Foundation\IVI\bin;C:\Program Files\IVI Foundation\IVI\bin;C:\Program Files (x86)\IVI Foundation\VISA\winnt\agvisa;D:\tomcat\bin;D:\apache-ant-1.9.13\bin;D:\apache-maven-3.6.0\bin;C:\Program Files\TortoiseSVN\bin;C:\Program Files (x86)\Google\Chrome\Application\;E:\About_Loyer\chromego-master\ChromeGo\trojan\;C:\Users\hw076\AppData\Local\Microsoft\WindowsApps;;D:\Program Files (x86)\IDEA\IntelliJ IDEA 2018.3.5\bin;;., surefire.test.class.path=L:\00Kyokuto-Projects-Loyer\komoo\komoo-MP-Spring-myBatis-Maven\target\test-classes;L:\00Kyokuto-Projects-Loyer\komoo\komoo-MP-Spring-myBatis-Maven\target\classes;D:\Maven_localrepository\repository\org\loyerjava\loyerGUI\1.0\loyerGUI-1.0.jar;D:\Maven_localrepository\repository\org\loyerjava\jcommon\1.0.23\jcommon-1.0.23.jar;D:\Maven_localrepository\repository\org\loyerjava\jfreechart\1.0.19\jfreechart-1.0.19.jar;D:\Maven_localrepository\repository\org\loyerjava\jxl\2.6\jxl-2.6.jar;D:\Maven_localrepository\repository\org\loyerjava\mchange-commons-java\0.2.11\mchange-commons-java-0.2.11.jar;D:\Maven_localrepository\repository\org\loyerjava\org-netbeans-modules-java-j2seproject-copylibstask\1.0\org-netbeans-modules-java-j2seproject-copylibstask-1.0.jar;D:\Maven_localrepository\repository\org\loyerjava\RXTXcomm\1.0\RXTXcomm-1.0.jar;D:\Maven_localrepository\repository\org\mybatis\mybatis\3.2.1\mybatis-3.2.1.jar;D:\Maven_localrepository\repository\org\mybatis\mybatis-spring\1.2.0\mybatis-spring-1.2.0.jar;D:\Maven_localrepository\repository\com\mchange\c3p0\0.9.5.4\c3p0-0.9.5.4.jar;D:\Maven_localrepository\repository\com\mchange\mchange-commons-java\0.2.15\mchange-commons-java-0.2.15.jar;D:\Maven_localrepository\repository\mysql\mysql-connector-java\8.0.11\mysql-connector-java-8.0.11.jar;D:\Maven_localrepository\repository\com\google\protobuf\protobuf-java\2.6.0\protobuf-java-2.6.0.jar;D:\Maven_localrepository\repository\junit\junit\4.12\junit-4.12.jar;D:\Maven_localrepository\repository\org\hamcrest\hamcrest-core\1.3\hamcrest-core-1.3.jar;D:\Maven_localrepository\repository\log4j\log4j\1.2.12\log4j-1.2.12.jar;D:\Maven_localrepository\repository\org\slf4j\slf4j-api\1.6.6\slf4j-api-1.6.6.jar;D:\Maven_localrepository\repository\org\slf4j\slf4j-log4j12\1.6.6\slf4j-log4j12-1.6.6.jar;D:\Maven_localrepository\repository\commons-io\commons-io\2.2\commons-io-2.2.jar;D:\Maven_localrepository\repository\commons-logging\commons-logging\1.2\commons-logging-1.2.jar;D:\Maven_localrepository\repository\org\springframework\spring-core\4.3.18.RELEASE\spring-core-4.3.18.RELEASE.jar;D:\Maven_localrepository\repository\org\springframework\spring-webmvc\4.3.18.RELEASE\spring-webmvc-4.3.18.RELEASE.jar;D:\Maven_localrepository\repository\org\springframework\spring-beans\4.3.18.RELEASE\spring-beans-4.3.18.RELEASE.jar;D:\Maven_localrepository\repository\org\springframework\spring-expression\4.3.18.RELEASE\spring-expression-4.3.18.RELEASE.jar;D:\Maven_localrepository\repository\org\springframework\spring-web\4.3.18.RELEASE\spring-web-4.3.18.RELEASE.jar;D:\Maven_localrepository\repository\org\springframework\spring-context\4.3.18.RELEASE\spring-context-4.3.18.RELEASE.jar;D:\Maven_localrepository\repository\org\springframework\spring-context-support\4.3.18.RELEASE\spring-context-support-4.3.18.RELEASE.jar;D:\Maven_localrepository\repository\org\springframework\spring-aop\4.3.18.RELEASE\spring-aop-4.3.18.RELEASE.jar;D:\Maven_localrepository\repository\org\springframework\spring-aspects\4.3.18.RELEASE\spring-aspects-4.3.18.RELEASE.jar;D:\Maven_localrepository\repository\org\aspectj\aspectjweaver\1.8.9\aspectjweaver-1.8.9.jar;D:\Maven_localrepository\repository\org\springframework\spring-jdbc\4.3.18.RELEASE\spring-jdbc-4.3.18.RELEASE.jar;D:\Maven_localrepository\repository\org\springframework\spring-orm\4.3.18.RELEASE\spring-orm-4.3.18.RELEASE.jar;D:\Maven_localrepository\repository\org\springframework\spring-tx\4.3.18.RELEASE\spring-tx-4.3.18.RELEASE.jar;D:\Maven_localrepository\repository\org\springframework\spring-test\4.3.18.RELEASE\spring-test-4.3.18.RELEASE.jar;, java.specification.name=Java Platform API Specification, java.class.version=52.0, sun.management.compiler=HotSpot 64-Bit Tiered Compilers, os.version=10.0, user.home=C:\Users\hw076, user.timezone=Asia/Shanghai, java.awt.printerjob=sun.awt.windows.WPrinterJob, file.encoding=UTF-8, java.specification.version=1.8, java.class.path=L:\00Kyokuto-Projects-Loyer\komoo\komoo-MP-Spring-myBatis-Maven\target\test-classes;L:\00Kyokuto-Projects-Loyer\komoo\komoo-MP-Spring-myBatis-Maven\target\classes;D:\Maven_localrepository\repository\org\loyerjava\loyerGUI\1.0\loyerGUI-1.0.jar;D:\Maven_localrepository\repository\org\loyerjava\jcommon\1.0.23\jcommon-1.0.23.jar;D:\Maven_localrepository\repository\org\loyerjava\jfreechart\1.0.19\jfreechart-1.0.19.jar;D:\Maven_localrepository\repository\org\loyerjava\jxl\2.6\jxl-2.6.jar;D:\Maven_localrepository\repository\org\loyerjava\mchange-commons-java\0.2.11\mchange-commons-java-0.2.11.jar;D:\Maven_localrepository\repository\org\loyerjava\org-netbeans-modules-java-j2seproject-copylibstask\1.0\org-netbeans-modules-java-j2seproject-copylibstask-1.0.jar;D:\Maven_localrepository\repository\org\loyerjava\RXTXcomm\1.0\RXTXcomm-1.0.jar;D:\Maven_localrepository\repository\org\mybatis\mybatis\3.2.1\mybatis-3.2.1.jar;D:\Maven_localrepository\repository\org\mybatis\mybatis-spring\1.2.0\mybatis-spring-1.2.0.jar;D:\Maven_localrepository\repository\com\mchange\c3p0\0.9.5.4\c3p0-0.9.5.4.jar;D:\Maven_localrepository\repository\com\mchange\mchange-commons-java\0.2.15\mchange-commons-java-0.2.15.jar;D:\Maven_localrepository\repository\mysql\mysql-connector-java\8.0.11\mysql-connector-java-8.0.11.jar;D:\Maven_localrepository\repository\com\google\protobuf\protobuf-java\2.6.0\protobuf-java-2.6.0.jar;D:\Maven_localrepository\repository\junit\junit\4.12\junit-4.12.jar;D:\Maven_localrepository\repository\org\hamcrest\hamcrest-core\1.3\hamcrest-core-1.3.jar;D:\Maven_localrepository\repository\log4j\log4j\1.2.12\log4j-1.2.12.jar;D:\Maven_localrepository\repository\org\slf4j\slf4j-api\1.6.6\slf4j-api-1.6.6.jar;D:\Maven_localrepository\repository\org\slf4j\slf4j-log4j12\1.6.6\slf4j-log4j12-1.6.6.jar;D:\Maven_localrepository\repository\commons-io\commons-io\2.2\commons-io-2.2.jar;D:\Maven_localrepository\repository\commons-logging\commons-logging\1.2\commons-logging-1.2.jar;D:\Maven_localrepository\repository\org\springframework\spring-core\4.3.18.RELEASE\spring-core-4.3.18.RELEASE.jar;D:\Maven_localrepository\repository\org\springframework\spring-webmvc\4.3.18.RELEASE\spring-webmvc-4.3.18.RELEASE.jar;D:\Maven_localrepository\repository\org\springframework\spring-beans\4.3.18.RELEASE\spring-beans-4.3.18.RELEASE.jar;D:\Maven_localrepository\repository\org\springframework\spring-expression\4.3.18.RELEASE\spring-expression-4.3.18.RELEASE.jar;D:\Maven_localrepository\repository\org\springframework\spring-web\4.3.18.RELEASE\spring-web-4.3.18.RELEASE.jar;D:\Maven_localrepository\repository\org\springframework\spring-context\4.3.18.RELEASE\spring-context-4.3.18.RELEASE.jar;D:\Maven_localrepository\repository\org\springframework\spring-context-support\4.3.18.RELEASE\spring-context-support-4.3.18.RELEASE.jar;D:\Maven_localrepository\repository\org\springframework\spring-aop\4.3.18.RELEASE\spring-aop-4.3.18.RELEASE.jar;D:\Maven_localrepository\repository\org\springframework\spring-aspects\4.3.18.RELEASE\spring-aspects-4.3.18.RELEASE.jar;D:\Maven_localrepository\repository\org\aspectj\aspectjweaver\1.8.9\aspectjweaver-1.8.9.jar;D:\Maven_localrepository\repository\org\springframework\spring-jdbc\4.3.18.RELEASE\spring-jdbc-4.3.18.RELEASE.jar;D:\Maven_localrepository\repository\org\springframework\spring-orm\4.3.18.RELEASE\spring-orm-4.3.18.RELEASE.jar;D:\Maven_localrepository\repository\org\springframework\spring-tx\4.3.18.RELEASE\spring-tx-4.3.18.RELEASE.jar;D:\Maven_localrepository\repository\org\springframework\spring-test\4.3.18.RELEASE\spring-test-4.3.18.RELEASE.jar;, user.name=hw076, java.vm.specification.version=1.8, sun.java.command=C:\Users\hw076\AppData\Local\Temp\surefire7252866630205138909\surefirebooter2778278561202904608.jar C:\Users\hw076\AppData\Local\Temp\surefire7252866630205138909 2019-09-09T17-33-44_146-jvmRun1 surefire8855551751347436837tmp surefire_04369174133312933615tmp, java.home=D:\Java\JDK8\jre, sun.arch.data.model=64, user.language=zh, java.specification.vendor=Oracle Corporation, awt.toolkit=sun.awt.windows.WToolkit, java.vm.info=mixed mode, java.version=1.8.0_181, java.ext.dirs=D:\Java\JDK8\jre\lib\ext;C:\WINDOWS\Sun\Java\lib\ext, sun.boot.class.path=D:\Java\JDK8\jre\lib\resources.jar;D:\Java\JDK8\jre\lib\rt.jar;D:\Java\JDK8\jre\lib\sunrsasign.jar;D:\Java\JDK8\jre\lib\jsse.jar;D:\Java\JDK8\jre\lib\jce.jar;D:\Java\JDK8\jre\lib\charsets.jar;D:\Java\JDK8\jre\lib\jfr.jar;D:\Java\JDK8\jre\classes, java.vendor=Oracle Corporation, localRepository=D:\Maven_localrepository\repository, file.separator=\, java.vendor.url.bug=http://bugreport.sun.com/bugreport/, sun.io.unicode.encoding=UnicodeLittle, sun.cpu.endian=little, sun.desktop=windows, sun.cpu.isalist=amd64}}, SystemEnvironmentPropertySource@684874119 {name='systemEnvironment', properties={PATH=D:\Java\JDK8\bin;D:\Java\JDK8\jre\bin;C:\Program Files (x86)\Common Files\Oracle\Java\javapath;C:\WINDOWS\system32;C:\WINDOWS;C:\WINDOWS\System32\Wbem;C:\WINDOWS\System32\WindowsPowerShell\v1.0\;C:\Program Files (x86)\NVIDIA Corporation\PhysX\Common;D:\Program Files (x86)\TDM_GCC\bin;D:\mySQL\mysql-8.0\bin;C:\Program Files (x86)\Microsoft SQL Server\100\Tools\Binn\;C:\Program Files\Microsoft SQL Server\100\Tools\Binn\;C:\Program Files\Microsoft SQL Server\100\DTS\Binn\;C:\Program Files (x86)\Microsoft SQL Server\100\Tools\Binn\VSShell\Common7\IDE\;C:\Program Files (x86)\Microsoft SQL Server\100\DTS\Binn\;D:\Program Files (x86)\AD69\System;C:\Program Files (x86)\Microsoft SQL Server\140\Tools\Binn\;C:\Program Files\Microsoft SQL Server\140\Tools\Binn\;C:\Program Files (x86)\Microsoft SQL Server\140\DTS\Binn\;C:\Program Files\Microsoft SQL Server\140\DTS\Binn\;C:\Program Files\Microsoft SQL Server\Client SDK\ODBC\130\Tools\Binn\;C:\Program Files (x86)\Microsoft SQL Server\Client SDK\ODBC\130\Tools\Binn\;C:\Program Files (x86)\Microsoft SQL Server\140\Tools\Binn\ManagementStudio\;D:\Program Files (x86)\Git\Git\cmd;C:\Program Files (x86)\IVI Foundation\VISA\WinNT\Bin\;C:\Program Files\IVI Foundation\VISA\Win64\Bin\;C:\Program Files (x86)\IVI Foundation\VISA\WinNT\Bin;C:\Program Files (x86)\IVI Foundation\VISA\WinNT\ktvisa;C:\Program Files (x86)\IVI Foundation\IVI\bin;C:\Program Files\IVI Foundation\IVI\bin;C:\Program Files (x86)\IVI Foundation\VISA\winnt\agvisa;D:\tomcat\bin;D:\apache-ant-1.9.13\bin;D:\apache-maven-3.6.0\bin;C:\Program Files\TortoiseSVN\bin;C:\Program Files (x86)\Google\Chrome\Application\;E:\About_Loyer\chromego-master\ChromeGo\trojan\;C:\Users\hw076\AppData\Local\Microsoft\WindowsApps;;D:\Program Files (x86)\IDEA\IntelliJ IDEA 2018.3.5\bin;, USERDOMAIN_ROAMINGPROFILE=SJ-ZHUTIANYOU, PROCESSOR_LEVEL=6, SYSTEMDRIVE=C:, SESSIONNAME=Console, ALLUSERSPROFILE=C:\ProgramData, PROCESSOR_ARCHITECTURE=AMD64, NAVIGATOR_PLUGINS_PATH=;, VXIPNPPATH=C:\Program Files (x86)\IVI Foundation\VISA\, VS100COMNTOOLS=D:\Program Files (x86)\VS2010\Common7\Tools\, MAVEN_HOME=D:\apache-maven-3.6.0\bin\.., PROGRAMFILES=C:\Program Files, IVIROOTDIR64=C:\Program Files\IVI Foundation\IVI\, PSMODULEPATH=C:\Program Files\WindowsPowerShell\Modules;C:\WINDOWS\system32\WindowsPowerShell\v1.0\Modules;C:\Program Files (x86)\Microsoft SQL Server\140\Tools\PowerShell\Modules\, PROGRAMDATA=C:\ProgramData, USERNAME=hw076, WDIR=L:\, FPS_BROWSER_USER_PROFILE_STRING=Default, ONEDRIVE=C:\Users\hw076\OneDrive, VXIPNPPATH64=C:\Program Files\IVI Foundation\VISA\, PATHEXT=.COM;.EXE;.BAT;.CMD;.VBS;.VBE;.JS;.JSE;.WSF;.WSH;.MSC, ONEDRIVECONSUMER=C:\Users\hw076\OneDrive, CLASSWORLDS_JAR="D:\apache-maven-3.6.0\bin\..\boot\plexus-classworlds-2.5.2.jar", NIEXTCCOMPILERSUPP=C:\Program Files (x86)\National Instruments\Shared\ExternalCompilerSupport\C\, WINDIR=C:\WINDOWS, HOMEPATH=\Users\hw076, PROCESSOR_IDENTIFIER=Intel64 Family 6 Model 158 Stepping 9, GenuineIntel, IVIROOTDIR32=C:\Program Files (x86)\IVI Foundation\IVI\, M2_HOME=D:\apache-maven-3.6.0, PUBLIC=C:\Users\Public, =::=::\, =EXITCODE=00000000, LOCALAPPDATA=C:\Users\hw076\AppData\Local, COMMONPROGRAMFILES(X86)=C:\Program Files (x86)\Common Files, USERDOMAIN=SJ-ZHUTIANYOU, FPS_BROWSER_APP_PROFILE_STRING=Internet Explorer, LOGONSERVER=\\SJ-ZHUTIANYOU, JAVA_HOME=D:\Java\JDK8, PROMPT=$P$G, PROGRAMFILES(X86)=C:\Program Files (x86), ERROR_CODE=0, EXEC_DIR=L:\00Kyokuto-Projects-Loyer\komoo\komoo-MP-Spring-myBatis-Maven, INTELLIJ IDEA=D:\Program Files (x86)\IDEA\IntelliJ IDEA 2018.3.5\bin;, ANT_HOME=D:\apache-ant-1.9.13, CATALINA_BASE=D:\tomcat, =C:=C:\Users\hw076, APPDATA=C:\Users\hw076\AppData\Roaming, PROGRAMW6432=C:\Program Files, SYSTEMROOT=C:\WINDOWS, MAVEN_CMD_LINE_ARGS=test, OS=Windows_NT, COMMONPROGRAMW6432=C:\Program Files\Common Files, COMPUTERNAME=SJ-ZHUTIANYOU, NIIVIPATH=C:\Program Files (x86)\IVI Foundation\IVI\, COMMONPROGRAMFILES=C:\Program Files\Common Files, COMSPEC=C:\WINDOWS\system32\cmd.exe, CATALINA_HOME=D:\tomcat, JAVACMD=D:\Java\JDK8\bin\java.exe, MAVEN_PROJECTBASEDIR=L:\00Kyokuto-Projects-Loyer\komoo\komoo-MP-Spring-myBatis-Maven, =L:=L:\00Kyokuto-Projects-Loyer\komoo\komoo-MP-Spring-myBatis-Maven, CARBON_MEM_DISABLE=1, PROCESSOR_REVISION=9e09, CLASSPATH=.;D:\Java\JDK8\bin;D:\Java\JDK8\lib\dt.jar;D:\Java\JDK8\lib\tools.jar;D:\tomcat\lib\serverlet-api.jar;, CLASSWORLDS_LAUNCHER=org.codehaus.plexus.classworlds.launcher.Launcher, ALTIUMPATH=D:\Program Files (x86)\AD69\System, TEMP=C:\Users\hw076\AppData\Local\Temp, HOMEDRIVE=C:, USERPROFILE=C:\Users\hw076, TMP=C:\Users\hw076\AppData\Local\Temp, NUMBER_OF_PROCESSORS=4, JVMCONFIG=\.mvn\jvm.config}}]-[DEBUG]
[org.springframework.context.support.ClassPathXmlApplicationContext]-Refreshing org.springframework.context.support.ClassPathXmlApplicationContext@2ef5e5e3: startup date [Mon Sep 09 17:33:46 CST 2019]; root of context hierarchy-[INFO ]
[org.springframework.core.env.StandardEnvironment]-Adding PropertySource 'systemProperties' with lowest search precedence-[DEBUG]
[org.springframework.core.env.StandardEnvironment]-Adding PropertySource 'systemEnvironment' with lowest search precedence-[DEBUG]
[org.springframework.core.env.StandardEnvironment]-Initialized StandardEnvironment with PropertySources [MapPropertySource@601893033 {name='systemProperties', properties={java.runtime.name=Java(TM) SE Runtime Environment, sun.boot.library.path=D:\Java\JDK8\jre\bin, java.vm.version=25.181-b13, java.vm.vendor=Oracle Corporation, java.vendor.url=http://java.oracle.com/, path.separator=;, java.vm.name=Java HotSpot(TM) 64-Bit Server VM, file.encoding.pkg=sun.io, user.country=CN, user.script=, sun.java.launcher=SUN_STANDARD, sun.os.patch.level=, java.vm.specification.name=Java Virtual Machine Specification, user.dir=L:\00Kyokuto-Projects-Loyer\komoo\komoo-MP-Spring-myBatis-Maven, java.runtime.version=1.8.0_181-b13, basedir=L:\00Kyokuto-Projects-Loyer\komoo\komoo-MP-Spring-myBatis-Maven, java.awt.graphicsenv=sun.awt.Win32GraphicsEnvironment, java.endorsed.dirs=D:\Java\JDK8\jre\lib\endorsed, os.arch=amd64, surefire.real.class.path=C:\Users\hw076\AppData\Local\Temp\surefire7252866630205138909\surefirebooter2778278561202904608.jar, java.io.tmpdir=C:\Users\hw076\AppData\Local\Temp\, line.separator=
, java.vm.specification.vendor=Oracle Corporation, user.variant=, os.name=Windows 10, sun.jnu.encoding=GBK, java.library.path=D:\Java\JDK8\jre\bin;C:\WINDOWS\Sun\Java\bin;C:\WINDOWS\system32;C:\WINDOWS;D:\Java\JDK8\bin;D:\Java\JDK8\jre\bin;C:\Program Files (x86)\Common Files\Oracle\Java\javapath;C:\WINDOWS\system32;C:\WINDOWS;C:\WINDOWS\System32\Wbem;C:\WINDOWS\System32\WindowsPowerShell\v1.0\;C:\Program Files (x86)\NVIDIA Corporation\PhysX\Common;D:\Program Files (x86)\TDM_GCC\bin;D:\mySQL\mysql-8.0\bin;C:\Program Files (x86)\Microsoft SQL Server\100\Tools\Binn\;C:\Program Files\Microsoft SQL Server\100\Tools\Binn\;C:\Program Files\Microsoft SQL Server\100\DTS\Binn\;C:\Program Files (x86)\Microsoft SQL Server\100\Tools\Binn\VSShell\Common7\IDE\;C:\Program Files (x86)\Microsoft SQL Server\100\DTS\Binn\;D:\Program Files (x86)\AD69\System;C:\Program Files (x86)\Microsoft SQL Server\140\Tools\Binn\;C:\Program Files\Microsoft SQL Server\140\Tools\Binn\;C:\Program Files (x86)\Microsoft SQL Server\140\DTS\Binn\;C:\Program Files\Microsoft SQL Server\140\DTS\Binn\;C:\Program Files\Microsoft SQL Server\Client SDK\ODBC\130\Tools\Binn\;C:\Program Files (x86)\Microsoft SQL Server\Client SDK\ODBC\130\Tools\Binn\;C:\Program Files (x86)\Microsoft SQL Server\140\Tools\Binn\ManagementStudio\;D:\Program Files (x86)\Git\Git\cmd;C:\Program Files (x86)\IVI Foundation\VISA\WinNT\Bin\;C:\Program Files\IVI Foundation\VISA\Win64\Bin\;C:\Program Files (x86)\IVI Foundation\VISA\WinNT\Bin;C:\Program Files (x86)\IVI Foundation\VISA\WinNT\ktvisa;C:\Program Files (x86)\IVI Foundation\IVI\bin;C:\Program Files\IVI Foundation\IVI\bin;C:\Program Files (x86)\IVI Foundation\VISA\winnt\agvisa;D:\tomcat\bin;D:\apache-ant-1.9.13\bin;D:\apache-maven-3.6.0\bin;C:\Program Files\TortoiseSVN\bin;C:\Program Files (x86)\Google\Chrome\Application\;E:\About_Loyer\chromego-master\ChromeGo\trojan\;C:\Users\hw076\AppData\Local\Microsoft\WindowsApps;;D:\Program Files (x86)\IDEA\IntelliJ IDEA 2018.3.5\bin;;., surefire.test.class.path=L:\00Kyokuto-Projects-Loyer\komoo\komoo-MP-Spring-myBatis-Maven\target\test-classes;L:\00Kyokuto-Projects-Loyer\komoo\komoo-MP-Spring-myBatis-Maven\target\classes;D:\Maven_localrepository\repository\org\loyerjava\loyerGUI\1.0\loyerGUI-1.0.jar;D:\Maven_localrepository\repository\org\loyerjava\jcommon\1.0.23\jcommon-1.0.23.jar;D:\Maven_localrepository\repository\org\loyerjava\jfreechart\1.0.19\jfreechart-1.0.19.jar;D:\Maven_localrepository\repository\org\loyerjava\jxl\2.6\jxl-2.6.jar;D:\Maven_localrepository\repository\org\loyerjava\mchange-commons-java\0.2.11\mchange-commons-java-0.2.11.jar;D:\Maven_localrepository\repository\org\loyerjava\org-netbeans-modules-java-j2seproject-copylibstask\1.0\org-netbeans-modules-java-j2seproject-copylibstask-1.0.jar;D:\Maven_localrepository\repository\org\loyerjava\RXTXcomm\1.0\RXTXcomm-1.0.jar;D:\Maven_localrepository\repository\org\mybatis\mybatis\3.2.1\mybatis-3.2.1.jar;D:\Maven_localrepository\repository\org\mybatis\mybatis-spring\1.2.0\mybatis-spring-1.2.0.jar;D:\Maven_localrepository\repository\com\mchange\c3p0\0.9.5.4\c3p0-0.9.5.4.jar;D:\Maven_localrepository\repository\com\mchange\mchange-commons-java\0.2.15\mchange-commons-java-0.2.15.jar;D:\Maven_localrepository\repository\mysql\mysql-connector-java\8.0.11\mysql-connector-java-8.0.11.jar;D:\Maven_localrepository\repository\com\google\protobuf\protobuf-java\2.6.0\protobuf-java-2.6.0.jar;D:\Maven_localrepository\repository\junit\junit\4.12\junit-4.12.jar;D:\Maven_localrepository\repository\org\hamcrest\hamcrest-core\1.3\hamcrest-core-1.3.jar;D:\Maven_localrepository\repository\log4j\log4j\1.2.12\log4j-1.2.12.jar;D:\Maven_localrepository\repository\org\slf4j\slf4j-api\1.6.6\slf4j-api-1.6.6.jar;D:\Maven_localrepository\repository\org\slf4j\slf4j-log4j12\1.6.6\slf4j-log4j12-1.6.6.jar;D:\Maven_localrepository\repository\commons-io\commons-io\2.2\commons-io-2.2.jar;D:\Maven_localrepository\repository\commons-logging\commons-logging\1.2\commons-logging-1.2.jar;D:\Maven_localrepository\repository\org\springframework\spring-core\4.3.18.RELEASE\spring-core-4.3.18.RELEASE.jar;D:\Maven_localrepository\repository\org\springframework\spring-webmvc\4.3.18.RELEASE\spring-webmvc-4.3.18.RELEASE.jar;D:\Maven_localrepository\repository\org\springframework\spring-beans\4.3.18.RELEASE\spring-beans-4.3.18.RELEASE.jar;D:\Maven_localrepository\repository\org\springframework\spring-expression\4.3.18.RELEASE\spring-expression-4.3.18.RELEASE.jar;D:\Maven_localrepository\repository\org\springframework\spring-web\4.3.18.RELEASE\spring-web-4.3.18.RELEASE.jar;D:\Maven_localrepository\repository\org\springframework\spring-context\4.3.18.RELEASE\spring-context-4.3.18.RELEASE.jar;D:\Maven_localrepository\repository\org\springframework\spring-context-support\4.3.18.RELEASE\spring-context-support-4.3.18.RELEASE.jar;D:\Maven_localrepository\repository\org\springframework\spring-aop\4.3.18.RELEASE\spring-aop-4.3.18.RELEASE.jar;D:\Maven_localrepository\repository\org\springframework\spring-aspects\4.3.18.RELEASE\spring-aspects-4.3.18.RELEASE.jar;D:\Maven_localrepository\repository\org\aspectj\aspectjweaver\1.8.9\aspectjweaver-1.8.9.jar;D:\Maven_localrepository\repository\org\springframework\spring-jdbc\4.3.18.RELEASE\spring-jdbc-4.3.18.RELEASE.jar;D:\Maven_localrepository\repository\org\springframework\spring-orm\4.3.18.RELEASE\spring-orm-4.3.18.RELEASE.jar;D:\Maven_localrepository\repository\org\springframework\spring-tx\4.3.18.RELEASE\spring-tx-4.3.18.RELEASE.jar;D:\Maven_localrepository\repository\org\springframework\spring-test\4.3.18.RELEASE\spring-test-4.3.18.RELEASE.jar;, java.specification.name=Java Platform API Specification, java.class.version=52.0, sun.management.compiler=HotSpot 64-Bit Tiered Compilers, os.version=10.0, user.home=C:\Users\hw076, user.timezone=Asia/Shanghai, java.awt.printerjob=sun.awt.windows.WPrinterJob, file.encoding=UTF-8, java.specification.version=1.8, java.class.path=L:\00Kyokuto-Projects-Loyer\komoo\komoo-MP-Spring-myBatis-Maven\target\test-classes;L:\00Kyokuto-Projects-Loyer\komoo\komoo-MP-Spring-myBatis-Maven\target\classes;D:\Maven_localrepository\repository\org\loyerjava\loyerGUI\1.0\loyerGUI-1.0.jar;D:\Maven_localrepository\repository\org\loyerjava\jcommon\1.0.23\jcommon-1.0.23.jar;D:\Maven_localrepository\repository\org\loyerjava\jfreechart\1.0.19\jfreechart-1.0.19.jar;D:\Maven_localrepository\repository\org\loyerjava\jxl\2.6\jxl-2.6.jar;D:\Maven_localrepository\repository\org\loyerjava\mchange-commons-java\0.2.11\mchange-commons-java-0.2.11.jar;D:\Maven_localrepository\repository\org\loyerjava\org-netbeans-modules-java-j2seproject-copylibstask\1.0\org-netbeans-modules-java-j2seproject-copylibstask-1.0.jar;D:\Maven_localrepository\repository\org\loyerjava\RXTXcomm\1.0\RXTXcomm-1.0.jar;D:\Maven_localrepository\repository\org\mybatis\mybatis\3.2.1\mybatis-3.2.1.jar;D:\Maven_localrepository\repository\org\mybatis\mybatis-spring\1.2.0\mybatis-spring-1.2.0.jar;D:\Maven_localrepository\repository\com\mchange\c3p0\0.9.5.4\c3p0-0.9.5.4.jar;D:\Maven_localrepository\repository\com\mchange\mchange-commons-java\0.2.15\mchange-commons-java-0.2.15.jar;D:\Maven_localrepository\repository\mysql\mysql-connector-java\8.0.11\mysql-connector-java-8.0.11.jar;D:\Maven_localrepository\repository\com\google\protobuf\protobuf-java\2.6.0\protobuf-java-2.6.0.jar;D:\Maven_localrepository\repository\junit\junit\4.12\junit-4.12.jar;D:\Maven_localrepository\repository\org\hamcrest\hamcrest-core\1.3\hamcrest-core-1.3.jar;D:\Maven_localrepository\repository\log4j\log4j\1.2.12\log4j-1.2.12.jar;D:\Maven_localrepository\repository\org\slf4j\slf4j-api\1.6.6\slf4j-api-1.6.6.jar;D:\Maven_localrepository\repository\org\slf4j\slf4j-log4j12\1.6.6\slf4j-log4j12-1.6.6.jar;D:\Maven_localrepository\repository\commons-io\commons-io\2.2\commons-io-2.2.jar;D:\Maven_localrepository\repository\commons-logging\commons-logging\1.2\commons-logging-1.2.jar;D:\Maven_localrepository\repository\org\springframework\spring-core\4.3.18.RELEASE\spring-core-4.3.18.RELEASE.jar;D:\Maven_localrepository\repository\org\springframework\spring-webmvc\4.3.18.RELEASE\spring-webmvc-4.3.18.RELEASE.jar;D:\Maven_localrepository\repository\org\springframework\spring-beans\4.3.18.RELEASE\spring-beans-4.3.18.RELEASE.jar;D:\Maven_localrepository\repository\org\springframework\spring-expression\4.3.18.RELEASE\spring-expression-4.3.18.RELEASE.jar;D:\Maven_localrepository\repository\org\springframework\spring-web\4.3.18.RELEASE\spring-web-4.3.18.RELEASE.jar;D:\Maven_localrepository\repository\org\springframework\spring-context\4.3.18.RELEASE\spring-context-4.3.18.RELEASE.jar;D:\Maven_localrepository\repository\org\springframework\spring-context-support\4.3.18.RELEASE\spring-context-support-4.3.18.RELEASE.jar;D:\Maven_localrepository\repository\org\springframework\spring-aop\4.3.18.RELEASE\spring-aop-4.3.18.RELEASE.jar;D:\Maven_localrepository\repository\org\springframework\spring-aspects\4.3.18.RELEASE\spring-aspects-4.3.18.RELEASE.jar;D:\Maven_localrepository\repository\org\aspectj\aspectjweaver\1.8.9\aspectjweaver-1.8.9.jar;D:\Maven_localrepository\repository\org\springframework\spring-jdbc\4.3.18.RELEASE\spring-jdbc-4.3.18.RELEASE.jar;D:\Maven_localrepository\repository\org\springframework\spring-orm\4.3.18.RELEASE\spring-orm-4.3.18.RELEASE.jar;D:\Maven_localrepository\repository\org\springframework\spring-tx\4.3.18.RELEASE\spring-tx-4.3.18.RELEASE.jar;D:\Maven_localrepository\repository\org\springframework\spring-test\4.3.18.RELEASE\spring-test-4.3.18.RELEASE.jar;, user.name=hw076, java.vm.specification.version=1.8, sun.java.command=C:\Users\hw076\AppData\Local\Temp\surefire7252866630205138909\surefirebooter2778278561202904608.jar C:\Users\hw076\AppData\Local\Temp\surefire7252866630205138909 2019-09-09T17-33-44_146-jvmRun1 surefire8855551751347436837tmp surefire_04369174133312933615tmp, java.home=D:\Java\JDK8\jre, sun.arch.data.model=64, user.language=zh, java.specification.vendor=Oracle Corporation, awt.toolkit=sun.awt.windows.WToolkit, java.vm.info=mixed mode, java.version=1.8.0_181, java.ext.dirs=D:\Java\JDK8\jre\lib\ext;C:\WINDOWS\Sun\Java\lib\ext, sun.boot.class.path=D:\Java\JDK8\jre\lib\resources.jar;D:\Java\JDK8\jre\lib\rt.jar;D:\Java\JDK8\jre\lib\sunrsasign.jar;D:\Java\JDK8\jre\lib\jsse.jar;D:\Java\JDK8\jre\lib\jce.jar;D:\Java\JDK8\jre\lib\charsets.jar;D:\Java\JDK8\jre\lib\jfr.jar;D:\Java\JDK8\jre\classes, java.vendor=Oracle Corporation, localRepository=D:\Maven_localrepository\repository, file.separator=\, java.vendor.url.bug=http://bugreport.sun.com/bugreport/, sun.io.unicode.encoding=UnicodeLittle, sun.cpu.endian=little, sun.desktop=windows, sun.cpu.isalist=amd64}}, SystemEnvironmentPropertySource@1037324811 {name='systemEnvironment', properties={PATH=D:\Java\JDK8\bin;D:\Java\JDK8\jre\bin;C:\Program Files (x86)\Common Files\Oracle\Java\javapath;C:\WINDOWS\system32;C:\WINDOWS;C:\WINDOWS\System32\Wbem;C:\WINDOWS\System32\WindowsPowerShell\v1.0\;C:\Program Files (x86)\NVIDIA Corporation\PhysX\Common;D:\Program Files (x86)\TDM_GCC\bin;D:\mySQL\mysql-8.0\bin;C:\Program Files (x86)\Microsoft SQL Server\100\Tools\Binn\;C:\Program Files\Microsoft SQL Server\100\Tools\Binn\;C:\Program Files\Microsoft SQL Server\100\DTS\Binn\;C:\Program Files (x86)\Microsoft SQL Server\100\Tools\Binn\VSShell\Common7\IDE\;C:\Program Files (x86)\Microsoft SQL Server\100\DTS\Binn\;D:\Program Files (x86)\AD69\System;C:\Program Files (x86)\Microsoft SQL Server\140\Tools\Binn\;C:\Program Files\Microsoft SQL Server\140\Tools\Binn\;C:\Program Files (x86)\Microsoft SQL Server\140\DTS\Binn\;C:\Program Files\Microsoft SQL Server\140\DTS\Binn\;C:\Program Files\Microsoft SQL Server\Client SDK\ODBC\130\Tools\Binn\;C:\Program Files (x86)\Microsoft SQL Server\Client SDK\ODBC\130\Tools\Binn\;C:\Program Files (x86)\Microsoft SQL Server\140\Tools\Binn\ManagementStudio\;D:\Program Files (x86)\Git\Git\cmd;C:\Program Files (x86)\IVI Foundation\VISA\WinNT\Bin\;C:\Program Files\IVI Foundation\VISA\Win64\Bin\;C:\Program Files (x86)\IVI Foundation\VISA\WinNT\Bin;C:\Program Files (x86)\IVI Foundation\VISA\WinNT\ktvisa;C:\Program Files (x86)\IVI Foundation\IVI\bin;C:\Program Files\IVI Foundation\IVI\bin;C:\Program Files (x86)\IVI Foundation\VISA\winnt\agvisa;D:\tomcat\bin;D:\apache-ant-1.9.13\bin;D:\apache-maven-3.6.0\bin;C:\Program Files\TortoiseSVN\bin;C:\Program Files (x86)\Google\Chrome\Application\;E:\About_Loyer\chromego-master\ChromeGo\trojan\;C:\Users\hw076\AppData\Local\Microsoft\WindowsApps;;D:\Program Files (x86)\IDEA\IntelliJ IDEA 2018.3.5\bin;, USERDOMAIN_ROAMINGPROFILE=SJ-ZHUTIANYOU, PROCESSOR_LEVEL=6, SYSTEMDRIVE=C:, SESSIONNAME=Console, ALLUSERSPROFILE=C:\ProgramData, PROCESSOR_ARCHITECTURE=AMD64, NAVIGATOR_PLUGINS_PATH=;, VXIPNPPATH=C:\Program Files (x86)\IVI Foundation\VISA\, VS100COMNTOOLS=D:\Program Files (x86)\VS2010\Common7\Tools\, MAVEN_HOME=D:\apache-maven-3.6.0\bin\.., PROGRAMFILES=C:\Program Files, IVIROOTDIR64=C:\Program Files\IVI Foundation\IVI\, PSMODULEPATH=C:\Program Files\WindowsPowerShell\Modules;C:\WINDOWS\system32\WindowsPowerShell\v1.0\Modules;C:\Program Files (x86)\Microsoft SQL Server\140\Tools\PowerShell\Modules\, PROGRAMDATA=C:\ProgramData, USERNAME=hw076, WDIR=L:\, FPS_BROWSER_USER_PROFILE_STRING=Default, ONEDRIVE=C:\Users\hw076\OneDrive, VXIPNPPATH64=C:\Program Files\IVI Foundation\VISA\, PATHEXT=.COM;.EXE;.BAT;.CMD;.VBS;.VBE;.JS;.JSE;.WSF;.WSH;.MSC, ONEDRIVECONSUMER=C:\Users\hw076\OneDrive, CLASSWORLDS_JAR="D:\apache-maven-3.6.0\bin\..\boot\plexus-classworlds-2.5.2.jar", NIEXTCCOMPILERSUPP=C:\Program Files (x86)\National Instruments\Shared\ExternalCompilerSupport\C\, WINDIR=C:\WINDOWS, HOMEPATH=\Users\hw076, PROCESSOR_IDENTIFIER=Intel64 Family 6 Model 158 Stepping 9, GenuineIntel, IVIROOTDIR32=C:\Program Files (x86)\IVI Foundation\IVI\, M2_HOME=D:\apache-maven-3.6.0, PUBLIC=C:\Users\Public, =::=::\, =EXITCODE=00000000, LOCALAPPDATA=C:\Users\hw076\AppData\Local, COMMONPROGRAMFILES(X86)=C:\Program Files (x86)\Common Files, USERDOMAIN=SJ-ZHUTIANYOU, FPS_BROWSER_APP_PROFILE_STRING=Internet Explorer, LOGONSERVER=\\SJ-ZHUTIANYOU, JAVA_HOME=D:\Java\JDK8, PROMPT=$P$G, PROGRAMFILES(X86)=C:\Program Files (x86), ERROR_CODE=0, EXEC_DIR=L:\00Kyokuto-Projects-Loyer\komoo\komoo-MP-Spring-myBatis-Maven, INTELLIJ IDEA=D:\Program Files (x86)\IDEA\IntelliJ IDEA 2018.3.5\bin;, ANT_HOME=D:\apache-ant-1.9.13, CATALINA_BASE=D:\tomcat, =C:=C:\Users\hw076, APPDATA=C:\Users\hw076\AppData\Roaming, PROGRAMW6432=C:\Program Files, SYSTEMROOT=C:\WINDOWS, MAVEN_CMD_LINE_ARGS=test, OS=Windows_NT, COMMONPROGRAMW6432=C:\Program Files\Common Files, COMPUTERNAME=SJ-ZHUTIANYOU, NIIVIPATH=C:\Program Files (x86)\IVI Foundation\IVI\, COMMONPROGRAMFILES=C:\Program Files\Common Files, COMSPEC=C:\WINDOWS\system32\cmd.exe, CATALINA_HOME=D:\tomcat, JAVACMD=D:\Java\JDK8\bin\java.exe, MAVEN_PROJECTBASEDIR=L:\00Kyokuto-Projects-Loyer\komoo\komoo-MP-Spring-myBatis-Maven, =L:=L:\00Kyokuto-Projects-Loyer\komoo\komoo-MP-Spring-myBatis-Maven, CARBON_MEM_DISABLE=1, PROCESSOR_REVISION=9e09, CLASSPATH=.;D:\Java\JDK8\bin;D:\Java\JDK8\lib\dt.jar;D:\Java\JDK8\lib\tools.jar;D:\tomcat\lib\serverlet-api.jar;, CLASSWORLDS_LAUNCHER=org.codehaus.plexus.classworlds.launcher.Launcher, ALTIUMPATH=D:\Program Files (x86)\AD69\System, TEMP=C:\Users\hw076\AppData\Local\Temp, HOMEDRIVE=C:, USERPROFILE=C:\Users\hw076, TMP=C:\Users\hw076\AppData\Local\Temp, NUMBER_OF_PROCESSORS=4, JVMCONFIG=\.mvn\jvm.config}}]-[DEBUG]
[org.springframework.beans.factory.xml.XmlBeanDefinitionReader]-Loading XML bean definitions from class path resource [application.xml]-[INFO ]
[org.springframework.beans.factory.xml.DefaultDocumentLoader]-Using JAXP provider [com.sun.org.apache.xerces.internal.jaxp.DocumentBuilderFactoryImpl]-[DEBUG]
[org.springframework.beans.factory.xml.PluggableSchemaResolver]-Loading schema mappings from [META-INF/spring.schemas]-[DEBUG]
[org.springframework.beans.factory.xml.PluggableSchemaResolver]-Loaded schema mappings: {http://www.springframework.org/schema/tx/spring-tx-4.3.xsd=org/springframework/transaction/config/spring-tx-4.3.xsd, http://www.springframework.org/schema/tx/spring-tx-2.5.xsd=org/springframework/transaction/config/spring-tx-2.5.xsd, http://www.springframework.org/schema/cache/spring-cache-4.2.xsd=org/springframework/cache/config/spring-cache-4.2.xsd, http://www.springframework.org/schema/aop/spring-aop-4.1.xsd=org/springframework/aop/config/spring-aop-4.1.xsd, http://www.springframework.org/schema/context/spring-context-3.1.xsd=org/springframework/context/config/spring-context-3.1.xsd, http://www.springframework.org/schema/jdbc/spring-jdbc-4.1.xsd=org/springframework/jdbc/config/spring-jdbc-4.1.xsd, http://www.springframework.org/schema/util/spring-util-3.0.xsd=org/springframework/beans/factory/xml/spring-util-3.0.xsd, http://www.springframework.org/schema/mvc/spring-mvc-4.1.xsd=org/springframework/web/servlet/config/spring-mvc-4.1.xsd, http://www.springframework.org/schema/aop/spring-aop-3.2.xsd=org/springframework/aop/config/spring-aop-3.2.xsd, http://www.springframework.org/schema/tool/spring-tool.xsd=org/springframework/beans/factory/xml/spring-tool-4.3.xsd, http://mybatis.org/schema/mybatis-spring-1.2.xsd=org/mybatis/spring/config/mybatis-spring-1.2.xsd, http://www.springframework.org/schema/lang/spring-lang-4.1.xsd=org/springframework/scripting/config/spring-lang-4.1.xsd, http://www.springframework.org/schema/context/spring-context-4.0.xsd=org/springframework/context/config/spring-context-4.0.xsd, http://www.springframework.org/schema/mvc/spring-mvc-3.2.xsd=org/springframework/web/servlet/config/spring-mvc-3.2.xsd, http://www.springframework.org/schema/beans/spring-beans-4.2.xsd=org/springframework/beans/factory/xml/spring-beans-4.2.xsd, http://www.springframework.org/schema/tool/spring-tool-4.1.xsd=org/springframework/beans/factory/xml/spring-tool-4.1.xsd, http://www.springframework.org/schema/lang/spring-lang-3.2.xsd=org/springframework/scripting/config/spring-lang-3.2.xsd, http://www.springframework.org/schema/cache/spring-cache-3.2.xsd=org/springframework/cache/config/spring-cache-3.2.xsd, http://www.springframework.org/schema/jee/spring-jee-4.1.xsd=org/springframework/ejb/config/spring-jee-4.1.xsd, http://www.springframework.org/schema/jdbc/spring-jdbc-3.1.xsd=org/springframework/jdbc/config/spring-jdbc-3.1.xsd, http://www.springframework.org/schema/task/spring-task-4.2.xsd=org/springframework/scheduling/config/spring-task-4.2.xsd, http://www.springframework.org/schema/util/spring-util-2.0.xsd=org/springframework/beans/factory/xml/spring-util-2.0.xsd, http://www.springframework.org/schema/tool/spring-tool-3.2.xsd=org/springframework/beans/factory/xml/spring-tool-3.2.xsd, http://www.springframework.org/schema/context/spring-context.xsd=org/springframework/context/config/spring-context-4.3.xsd, http://www.springframework.org/schema/tx/spring-tx-4.2.xsd=org/springframework/transaction/config/spring-tx-4.2.xsd, http://www.springframework.org/schema/cache/spring-cache-4.1.xsd=org/springframework/cache/config/spring-cache-4.1.xsd, http://www.springframework.org/schema/aop/spring-aop-4.0.xsd=org/springframework/aop/config/spring-aop-4.0.xsd, http://www.springframework.org/schema/jee/spring-jee-3.2.xsd=org/springframework/ejb/config/spring-jee-3.2.xsd, http://www.springframework.org/schema/context/spring-context-3.0.xsd=org/springframework/context/config/spring-context-3.0.xsd, http://www.springframework.org/schema/jdbc/spring-jdbc-4.0.xsd=org/springframework/jdbc/config/spring-jdbc-4.0.xsd, http://www.springframework.org/schema/util/spring-util-2.5.xsd=org/springframework/beans/factory/xml/spring-util-2.5.xsd, http://www.springframework.org/schema/mvc/spring-mvc-4.0.xsd=org/springframework/web/servlet/config/spring-mvc-4.0.xsd, http://www.springframework.org/schema/util/spring-util-4.3.xsd=org/springframework/beans/factory/xml/spring-util-4.3.xsd, http://www.springframework.org/schema/beans/spring-beans-3.2.xsd=org/springframework/beans/factory/xml/spring-beans-3.2.xsd, http://www.springframework.org/schema/aop/spring-aop-3.1.xsd=org/springframework/aop/config/spring-aop-3.1.xsd, http://www.springframework.org/schema/lang/spring-lang-4.0.xsd=org/springframework/scripting/config/spring-lang-4.0.xsd, http://www.springframework.org/schema/mvc/spring-mvc.xsd=org/springframework/web/servlet/config/spring-mvc-4.3.xsd, http://www.springframework.org/schema/mvc/spring-mvc-3.1.xsd=org/springframework/web/servlet/config/spring-mvc-3.1.xsd, http://www.springframework.org/schema/beans/spring-beans-4.1.xsd=org/springframework/beans/factory/xml/spring-beans-4.1.xsd, http://www.springframework.org/schema/tool/spring-tool-4.0.xsd=org/springframework/beans/factory/xml/spring-tool-4.0.xsd, http://www.springframework.org/schema/tx/spring-tx-3.2.xsd=org/springframework/transaction/config/spring-tx-3.2.xsd, http://www.springframework.org/schema/lang/spring-lang-3.1.xsd=org/springframework/scripting/config/spring-lang-3.1.xsd, http://www.springframework.org/schema/cache/spring-cache-3.1.xsd=org/springframework/cache/config/spring-cache-3.1.xsd, http://www.springframework.org/schema/jee/spring-jee-4.0.xsd=org/springframework/ejb/config/spring-jee-4.0.xsd, http://www.springframework.org/schema/jdbc/spring-jdbc-3.0.xsd=org/springframework/jdbc/config/spring-jdbc-3.0.xsd, http://www.springframework.org/schema/task/spring-task-4.1.xsd=org/springframework/scheduling/config/spring-task-4.1.xsd, http://www.springframework.org/schema/jdbc/spring-jdbc.xsd=org/springframework/jdbc/config/spring-jdbc-4.3.xsd, http://www.springframework.org/schema/tool/spring-tool-3.1.xsd=org/springframework/beans/factory/xml/spring-tool-3.1.xsd, http://www.springframework.org/schema/tx/spring-tx-4.1.xsd=org/springframework/transaction/config/spring-tx-4.1.xsd, http://www.springframework.org/schema/cache/spring-cache-4.0.xsd=org/springframework/cache/config/spring-cache-4.0.xsd, http://www.springframework.org/schema/jee/spring-jee-3.1.xsd=org/springframework/ejb/config/spring-jee-3.1.xsd, http://www.springframework.org/schema/task/spring-task-3.2.xsd=org/springframework/scheduling/config/spring-task-3.2.xsd, http://www.springframework.org/schema/util/spring-util-4.2.xsd=org/springframework/beans/factory/xml/spring-util-4.2.xsd, http://www.springframework.org/schema/beans/spring-beans-3.1.xsd=org/springframework/beans/factory/xml/spring-beans-3.1.xsd, http://www.springframework.org/schema/util/spring-util.xsd=org/springframework/beans/factory/xml/spring-util-4.3.xsd, http://www.springframework.org/schema/aop/spring-aop-3.0.xsd=org/springframework/aop/config/spring-aop-3.0.xsd, http://www.springframework.org/schema/mvc/spring-mvc-3.0.xsd=org/springframework/web/servlet/config/spring-mvc-3.0.xsd, http://www.springframework.org/schema/beans/spring-beans-4.0.xsd=org/springframework/beans/factory/xml/spring-beans-4.0.xsd, http://www.springframework.org/schema/beans/spring-beans.xsd=org/springframework/beans/factory/xml/spring-beans-4.3.xsd, http://www.springframework.org/schema/tx/spring-tx-3.1.xsd=org/springframework/transaction/config/spring-tx-3.1.xsd, http://www.springframework.org/schema/lang/spring-lang-3.0.xsd=org/springframework/scripting/config/spring-lang-3.0.xsd, http://mybatis.org/schema/mybatis-spring.xsd=org/mybatis/spring/config/mybatis-spring-1.2.xsd, http://www.springframework.org/schema/context/spring-context-2.5.xsd=org/springframework/context/config/spring-context-2.5.xsd, http://www.springframework.org/schema/context/spring-context-4.3.xsd=org/springframework/context/config/spring-context-4.3.xsd, http://www.springframework.org/schema/task/spring-task-4.0.xsd=org/springframework/scheduling/config/spring-task-4.0.xsd, http://www.springframework.org/schema/tool/spring-tool-3.0.xsd=org/springframework/beans/factory/xml/spring-tool-3.0.xsd, http://www.springframework.org/schema/tx/spring-tx-4.0.xsd=org/springframework/transaction/config/spring-tx-4.0.xsd, http://www.springframework.org/schema/aop/spring-aop-2.0.xsd=org/springframework/aop/config/spring-aop-2.0.xsd, http://www.springframework.org/schema/jee/spring-jee-3.0.xsd=org/springframework/ejb/config/spring-jee-3.0.xsd, http://www.springframework.org/schema/util/spring-util-4.1.xsd=org/springframework/beans/factory/xml/spring-util-4.1.xsd, http://www.springframework.org/schema/task/spring-task-3.1.xsd=org/springframework/scheduling/config/spring-task-3.1.xsd, http://www.springframework.org/schema/beans/spring-beans-3.0.xsd=org/springframework/beans/factory/xml/spring-beans-3.0.xsd, http://www.springframework.org/schema/jee/spring-jee.xsd=org/springframework/ejb/config/spring-jee-4.3.xsd, http://www.springframework.org/schema/aop/spring-aop-4.3.xsd=org/springframework/aop/config/spring-aop-4.3.xsd, http://www.springframework.org/schema/aop/spring-aop-2.5.xsd=org/springframework/aop/config/spring-aop-2.5.xsd, http://www.springframework.org/schema/lang/spring-lang-2.0.xsd=org/springframework/scripting/config/spring-lang-2.0.xsd, http://www.springframework.org/schema/jdbc/spring-jdbc-4.3.xsd=org/springframework/jdbc/config/spring-jdbc-4.3.xsd, http://www.springframework.org/schema/mvc/spring-mvc-4.3.xsd=org/springframework/web/servlet/config/spring-mvc-4.3.xsd, http://www.springframework.org/schema/util/spring-util-3.2.xsd=org/springframework/beans/factory/xml/spring-util-3.2.xsd, http://www.springframework.org/schema/task/spring-task.xsd=org/springframework/scheduling/config/spring-task-4.3.xsd, http://www.springframework.org/schema/tool/spring-tool-2.0.xsd=org/springframework/beans/factory/xml/spring-tool-2.0.xsd, http://www.springframework.org/schema/tx/spring-tx-3.0.xsd=org/springframework/transaction/config/spring-tx-3.0.xsd, http://www.springframework.org/schema/lang/spring-lang-2.5.xsd=org/springframework/scripting/config/spring-lang-2.5.xsd, http://www.springframework.org/schema/lang/spring-lang-4.3.xsd=org/springframework/scripting/config/spring-lang-4.3.xsd, http://www.springframework.org/schema/context/spring-context-4.2.xsd=org/springframework/context/config/spring-context-4.2.xsd, http://www.springframework.org/schema/jee/spring-jee-2.0.xsd=org/springframework/ejb/config/spring-jee-2.0.xsd, http://www.springframework.org/schema/tool/spring-tool-4.3.xsd=org/springframework/beans/factory/xml/spring-tool-4.3.xsd, http://www.springframework.org/schema/tool/spring-tool-2.5.xsd=org/springframework/beans/factory/xml/spring-tool-2.5.xsd, http://www.springframework.org/schema/jee/spring-jee-4.3.xsd=org/springframework/ejb/config/spring-jee-4.3.xsd, http://www.springframework.org/schema/jee/spring-jee-2.5.xsd=org/springframework/ejb/config/spring-jee-2.5.xsd, http://www.springframework.org/schema/util/spring-util-4.0.xsd=org/springframework/beans/factory/xml/spring-util-4.0.xsd, http://www.springframework.org/schema/task/spring-task-3.0.xsd=org/springframework/scheduling/config/spring-task-3.0.xsd, http://www.springframework.org/schema/cache/spring-cache-4.3.xsd=org/springframework/cache/config/spring-cache-4.3.xsd, http://www.springframework.org/schema/aop/spring-aop-4.2.xsd=org/springframework/aop/config/spring-aop-4.2.xsd, http://www.springframework.org/schema/lang/spring-lang.xsd=org/springframework/scripting/config/spring-lang-4.3.xsd, http://www.springframework.org/schema/context/spring-context-3.2.xsd=org/springframework/context/config/spring-context-3.2.xsd, http://www.springframework.org/schema/jdbc/spring-jdbc-4.2.xsd=org/springframework/jdbc/config/spring-jdbc-4.2.xsd, http://www.springframework.org/schema/mvc/spring-mvc-4.2.xsd=org/springframework/web/servlet/config/spring-mvc-4.2.xsd, http://www.springframework.org/schema/util/spring-util-3.1.xsd=org/springframework/beans/factory/xml/spring-util-3.1.xsd, http://www.springframework.org/schema/beans/spring-beans-2.0.xsd=org/springframework/beans/factory/xml/spring-beans-2.0.xsd, http://www.springframework.org/schema/cache/spring-cache.xsd=org/springframework/cache/config/spring-cache-4.3.xsd, http://www.springframework.org/schema/tx/spring-tx.xsd=org/springframework/transaction/config/spring-tx-4.3.xsd, http://www.springframework.org/schema/lang/spring-lang-4.2.xsd=org/springframework/scripting/config/spring-lang-4.2.xsd, http://www.springframework.org/schema/context/spring-context-4.1.xsd=org/springframework/context/config/spring-context-4.1.xsd, http://www.springframework.org/schema/beans/spring-beans-2.5.xsd=org/springframework/beans/factory/xml/spring-beans-2.5.xsd, http://www.springframework.org/schema/beans/spring-beans-4.3.xsd=org/springframework/beans/factory/xml/spring-beans-4.3.xsd, http://www.springframework.org/schema/tool/spring-tool-4.2.xsd=org/springframework/beans/factory/xml/spring-tool-4.2.xsd, http://www.springframework.org/schema/tx/spring-tx-2.0.xsd=org/springframework/transaction/config/spring-tx-2.0.xsd, http://www.springframework.org/schema/jee/spring-jee-4.2.xsd=org/springframework/ejb/config/spring-jee-4.2.xsd, http://www.springframework.org/schema/jdbc/spring-jdbc-3.2.xsd=org/springframework/jdbc/config/spring-jdbc-3.2.xsd, http://www.springframework.org/schema/aop/spring-aop.xsd=org/springframework/aop/config/spring-aop-4.3.xsd, http://www.springframework.org/schema/task/spring-task-4.3.xsd=org/springframework/scheduling/config/spring-task-4.3.xsd}-[DEBUG]
[org.springframework.beans.factory.xml.PluggableSchemaResolver]-Found XML schema [http://www.springframework.org/schema/beans/spring-beans-3.0.xsd] in classpath: org/springframework/beans/factory/xml/spring-beans-3.0.xsd-[DEBUG]
[org.springframework.beans.factory.xml.PluggableSchemaResolver]-Found XML schema [http://www.springframework.org/schema/context/spring-context-3.0.xsd] in classpath: org/springframework/context/config/spring-context-3.0.xsd-[DEBUG]
[org.springframework.beans.factory.xml.PluggableSchemaResolver]-Found XML schema [http://www.springframework.org/schema/tool/spring-tool-3.0.xsd] in classpath: org/springframework/beans/factory/xml/spring-tool-3.0.xsd-[DEBUG]
[org.springframework.beans.factory.xml.DefaultBeanDefinitionDocumentReader]-Loading bean definitions-[DEBUG]
[org.springframework.beans.factory.xml.BeanDefinitionParserDelegate]-Neither XML 'id' nor 'name' specified - using generated bean name [org.mybatis.spring.mapper.MapperScannerConfigurer#0]-[DEBUG]
[org.springframework.beans.factory.xml.DefaultNamespaceHandlerResolver]-Loaded NamespaceHandler mappings: {http://www.springframework.org/schema/p=org.springframework.beans.factory.xml.SimplePropertyNamespaceHandler, http://www.springframework.org/schema/mvc=org.springframework.web.servlet.config.MvcNamespaceHandler, http://www.springframework.org/schema/util=org.springframework.beans.factory.xml.UtilNamespaceHandler, http://www.springframework.org/schema/jee=org.springframework.ejb.config.JeeNamespaceHandler, http://www.springframework.org/schema/aop=org.springframework.aop.config.AopNamespaceHandler, http://www.springframework.org/schema/jdbc=org.springframework.jdbc.config.JdbcNamespaceHandler, http://www.springframework.org/schema/cache=org.springframework.cache.config.CacheNamespaceHandler, http://mybatis.org/schema/mybatis-spring=org.mybatis.spring.config.NamespaceHandler, http://www.springframework.org/schema/c=org.springframework.beans.factory.xml.SimpleConstructorNamespaceHandler, http://www.springframework.org/schema/tx=org.springframework.transaction.config.TxNamespaceHandler, http://www.springframework.org/schema/task=org.springframework.scheduling.config.TaskNamespaceHandler, http://www.springframework.org/schema/lang=org.springframework.scripting.config.LangNamespaceHandler, http://www.springframework.org/schema/context=org.springframework.context.config.ContextNamespaceHandler}-[DEBUG]
[org.springframework.core.io.support.PathMatchingResourcePatternResolver]-Resolved classpath location [com/loyer/komoo/service/impl/] to resources []-[DEBUG]
[org.springframework.core.io.support.PathMatchingResourcePatternResolver]-Resolved location pattern [classpath*:com/loyer/komoo/service/impl/**/*.class] to resources []-[DEBUG]
[org.springframework.beans.factory.xml.XmlBeanDefinitionReader]-Loaded 48 bean definitions from location pattern [application.xml]-[DEBUG]
[org.springframework.context.support.ClassPathXmlApplicationContext]-Bean factory for org.springframework.context.support.ClassPathXmlApplicationContext@2ef5e5e3: org.springframework.beans.factory.support.DefaultListableBeanFactory@704921a5: defining beans [propertyConfigurer,dataSource,sqlSessionFactory,org.mybatis.spring.mapper.MapperScannerConfigurer#0,org.springframework.context.annotation.internalConfigurationAnnotationProcessor,org.springframework.context.annotation.internalAutowiredAnnotationProcessor,org.springframework.context.annotation.internalRequiredAnnotationProcessor,org.springframework.context.annotation.internalCommonAnnotationProcessor,org.springframework.context.event.internalEventListenerProcessor,org.springframework.context.event.internalEventListenerFactory,km036smtService,km036smtRecordService,km036smtTestService,km036unitService,km036unitRecordService,km036unitTestService,km030smtService,km030smtRecordService,km030smtTestService,km030unitService,km030unitRecordService,km030unitTestService,km033smtService,km033smtRecordService,km033smtTestService,km033unitService,km033unitRecordService,km033unitTestService,km034smtService,km034smtRecordService,km034smtTestService,km034unitService,km034unitRecordService,km034unitTestService,km047smtService,km047smtRecordService,km047smtTestService,km047unitService,km047unitRecordService,km047unitTestService,km070smtService,km070smtRecordService,km070smtTestService,km070unitService,km070unitRecordService,km070unitTestService,productType,user]; root of factory hierarchy-[DEBUG]
[org.springframework.beans.factory.support.DefaultListableBeanFactory]-Creating shared instance of singleton bean 'org.springframework.context.annotation.internalConfigurationAnnotationProcessor'-[DEBUG]
[org.springframework.beans.factory.support.DefaultListableBeanFactory]-Creating instance of bean 'org.springframework.context.annotation.internalConfigurationAnnotationProcessor'-[DEBUG]
[org.springframework.beans.factory.support.DefaultListableBeanFactory]-Eagerly caching bean 'org.springframework.context.annotation.internalConfigurationAnnotationProcessor' to allow for resolving potential circular references-[DEBUG]
[org.springframework.beans.factory.support.DefaultListableBeanFactory]-Finished creating instance of bean 'org.springframework.context.annotation.internalConfigurationAnnotationProcessor'-[DEBUG]
[org.springframework.beans.factory.support.DefaultListableBeanFactory]-Creating shared instance of singleton bean 'org.mybatis.spring.mapper.MapperScannerConfigurer#0'-[DEBUG]
[org.springframework.beans.factory.support.DefaultListableBeanFactory]-Creating instance of bean 'org.mybatis.spring.mapper.MapperScannerConfigurer#0'-[DEBUG]
[org.springframework.beans.factory.support.DefaultListableBeanFactory]-Eagerly caching bean 'org.mybatis.spring.mapper.MapperScannerConfigurer#0' to allow for resolving potential circular references-[DEBUG]
[org.springframework.beans.factory.support.DefaultListableBeanFactory]-Invoking afterPropertiesSet() on bean with name 'org.mybatis.spring.mapper.MapperScannerConfigurer#0'-[DEBUG]
[org.springframework.beans.factory.support.DefaultListableBeanFactory]-Finished creating instance of bean 'org.mybatis.spring.mapper.MapperScannerConfigurer#0'-[DEBUG]
[org.springframework.core.env.StandardEnvironment]-Adding PropertySource 'systemProperties' with lowest search precedence-[DEBUG]
[org.springframework.core.env.StandardEnvironment]-Adding PropertySource 'systemEnvironment' with lowest search precedence-[DEBUG]
[org.springframework.core.env.StandardEnvironment]-Initialized StandardEnvironment with PropertySources [MapPropertySource@1840976765 {name='systemProperties', properties={java.runtime.name=Java(TM) SE Runtime Environment, sun.boot.library.path=D:\Java\JDK8\jre\bin, java.vm.version=25.181-b13, java.vm.vendor=Oracle Corporation, java.vendor.url=http://java.oracle.com/, path.separator=;, java.vm.name=Java HotSpot(TM) 64-Bit Server VM, file.encoding.pkg=sun.io, user.country=CN, user.script=, sun.java.launcher=SUN_STANDARD, sun.os.patch.level=, java.vm.specification.name=Java Virtual Machine Specification, user.dir=L:\00Kyokuto-Projects-Loyer\komoo\komoo-MP-Spring-myBatis-Maven, java.runtime.version=1.8.0_181-b13, basedir=L:\00Kyokuto-Projects-Loyer\komoo\komoo-MP-Spring-myBatis-Maven, java.awt.graphicsenv=sun.awt.Win32GraphicsEnvironment, java.endorsed.dirs=D:\Java\JDK8\jre\lib\endorsed, os.arch=amd64, surefire.real.class.path=C:\Users\hw076\AppData\Local\Temp\surefire7252866630205138909\surefirebooter2778278561202904608.jar, java.io.tmpdir=C:\Users\hw076\AppData\Local\Temp\, line.separator=
, java.vm.specification.vendor=Oracle Corporation, user.variant=, os.name=Windows 10, sun.jnu.encoding=GBK, java.library.path=D:\Java\JDK8\jre\bin;C:\WINDOWS\Sun\Java\bin;C:\WINDOWS\system32;C:\WINDOWS;D:\Java\JDK8\bin;D:\Java\JDK8\jre\bin;C:\Program Files (x86)\Common Files\Oracle\Java\javapath;C:\WINDOWS\system32;C:\WINDOWS;C:\WINDOWS\System32\Wbem;C:\WINDOWS\System32\WindowsPowerShell\v1.0\;C:\Program Files (x86)\NVIDIA Corporation\PhysX\Common;D:\Program Files (x86)\TDM_GCC\bin;D:\mySQL\mysql-8.0\bin;C:\Program Files (x86)\Microsoft SQL Server\100\Tools\Binn\;C:\Program Files\Microsoft SQL Server\100\Tools\Binn\;C:\Program Files\Microsoft SQL Server\100\DTS\Binn\;C:\Program Files (x86)\Microsoft SQL Server\100\Tools\Binn\VSShell\Common7\IDE\;C:\Program Files (x86)\Microsoft SQL Server\100\DTS\Binn\;D:\Program Files (x86)\AD69\System;C:\Program Files (x86)\Microsoft SQL Server\140\Tools\Binn\;C:\Program Files\Microsoft SQL Server\140\Tools\Binn\;C:\Program Files (x86)\Microsoft SQL Server\140\DTS\Binn\;C:\Program Files\Microsoft SQL Server\140\DTS\Binn\;C:\Program Files\Microsoft SQL Server\Client SDK\ODBC\130\Tools\Binn\;C:\Program Files (x86)\Microsoft SQL Server\Client SDK\ODBC\130\Tools\Binn\;C:\Program Files (x86)\Microsoft SQL Server\140\Tools\Binn\ManagementStudio\;D:\Program Files (x86)\Git\Git\cmd;C:\Program Files (x86)\IVI Foundation\VISA\WinNT\Bin\;C:\Program Files\IVI Foundation\VISA\Win64\Bin\;C:\Program Files (x86)\IVI Foundation\VISA\WinNT\Bin;C:\Program Files (x86)\IVI Foundation\VISA\WinNT\ktvisa;C:\Program Files (x86)\IVI Foundation\IVI\bin;C:\Program Files\IVI Foundation\IVI\bin;C:\Program Files (x86)\IVI Foundation\VISA\winnt\agvisa;D:\tomcat\bin;D:\apache-ant-1.9.13\bin;D:\apache-maven-3.6.0\bin;C:\Program Files\TortoiseSVN\bin;C:\Program Files (x86)\Google\Chrome\Application\;E:\About_Loyer\chromego-master\ChromeGo\trojan\;C:\Users\hw076\AppData\Local\Microsoft\WindowsApps;;D:\Program Files (x86)\IDEA\IntelliJ IDEA 2018.3.5\bin;;., surefire.test.class.path=L:\00Kyokuto-Projects-Loyer\komoo\komoo-MP-Spring-myBatis-Maven\target\test-classes;L:\00Kyokuto-Projects-Loyer\komoo\komoo-MP-Spring-myBatis-Maven\target\classes;D:\Maven_localrepository\repository\org\loyerjava\loyerGUI\1.0\loyerGUI-1.0.jar;D:\Maven_localrepository\repository\org\loyerjava\jcommon\1.0.23\jcommon-1.0.23.jar;D:\Maven_localrepository\repository\org\loyerjava\jfreechart\1.0.19\jfreechart-1.0.19.jar;D:\Maven_localrepository\repository\org\loyerjava\jxl\2.6\jxl-2.6.jar;D:\Maven_localrepository\repository\org\loyerjava\mchange-commons-java\0.2.11\mchange-commons-java-0.2.11.jar;D:\Maven_localrepository\repository\org\loyerjava\org-netbeans-modules-java-j2seproject-copylibstask\1.0\org-netbeans-modules-java-j2seproject-copylibstask-1.0.jar;D:\Maven_localrepository\repository\org\loyerjava\RXTXcomm\1.0\RXTXcomm-1.0.jar;D:\Maven_localrepository\repository\org\mybatis\mybatis\3.2.1\mybatis-3.2.1.jar;D:\Maven_localrepository\repository\org\mybatis\mybatis-spring\1.2.0\mybatis-spring-1.2.0.jar;D:\Maven_localrepository\repository\com\mchange\c3p0\0.9.5.4\c3p0-0.9.5.4.jar;D:\Maven_localrepository\repository\com\mchange\mchange-commons-java\0.2.15\mchange-commons-java-0.2.15.jar;D:\Maven_localrepository\repository\mysql\mysql-connector-java\8.0.11\mysql-connector-java-8.0.11.jar;D:\Maven_localrepository\repository\com\google\protobuf\protobuf-java\2.6.0\protobuf-java-2.6.0.jar;D:\Maven_localrepository\repository\junit\junit\4.12\junit-4.12.jar;D:\Maven_localrepository\repository\org\hamcrest\hamcrest-core\1.3\hamcrest-core-1.3.jar;D:\Maven_localrepository\repository\log4j\log4j\1.2.12\log4j-1.2.12.jar;D:\Maven_localrepository\repository\org\slf4j\slf4j-api\1.6.6\slf4j-api-1.6.6.jar;D:\Maven_localrepository\repository\org\slf4j\slf4j-log4j12\1.6.6\slf4j-log4j12-1.6.6.jar;D:\Maven_localrepository\repository\commons-io\commons-io\2.2\commons-io-2.2.jar;D:\Maven_localrepository\repository\commons-logging\commons-logging\1.2\commons-logging-1.2.jar;D:\Maven_localrepository\repository\org\springframework\spring-core\4.3.18.RELEASE\spring-core-4.3.18.RELEASE.jar;D:\Maven_localrepository\repository\org\springframework\spring-webmvc\4.3.18.RELEASE\spring-webmvc-4.3.18.RELEASE.jar;D:\Maven_localrepository\repository\org\springframework\spring-beans\4.3.18.RELEASE\spring-beans-4.3.18.RELEASE.jar;D:\Maven_localrepository\repository\org\springframework\spring-expression\4.3.18.RELEASE\spring-expression-4.3.18.RELEASE.jar;D:\Maven_localrepository\repository\org\springframework\spring-web\4.3.18.RELEASE\spring-web-4.3.18.RELEASE.jar;D:\Maven_localrepository\repository\org\springframework\spring-context\4.3.18.RELEASE\spring-context-4.3.18.RELEASE.jar;D:\Maven_localrepository\repository\org\springframework\spring-context-support\4.3.18.RELEASE\spring-context-support-4.3.18.RELEASE.jar;D:\Maven_localrepository\repository\org\springframework\spring-aop\4.3.18.RELEASE\spring-aop-4.3.18.RELEASE.jar;D:\Maven_localrepository\repository\org\springframework\spring-aspects\4.3.18.RELEASE\spring-aspects-4.3.18.RELEASE.jar;D:\Maven_localrepository\repository\org\aspectj\aspectjweaver\1.8.9\aspectjweaver-1.8.9.jar;D:\Maven_localrepository\repository\org\springframework\spring-jdbc\4.3.18.RELEASE\spring-jdbc-4.3.18.RELEASE.jar;D:\Maven_localrepository\repository\org\springframework\spring-orm\4.3.18.RELEASE\spring-orm-4.3.18.RELEASE.jar;D:\Maven_localrepository\repository\org\springframework\spring-tx\4.3.18.RELEASE\spring-tx-4.3.18.RELEASE.jar;D:\Maven_localrepository\repository\org\springframework\spring-test\4.3.18.RELEASE\spring-test-4.3.18.RELEASE.jar;, java.specification.name=Java Platform API Specification, java.class.version=52.0, sun.management.compiler=HotSpot 64-Bit Tiered Compilers, os.version=10.0, user.home=C:\Users\hw076, user.timezone=Asia/Shanghai, java.awt.printerjob=sun.awt.windows.WPrinterJob, file.encoding=UTF-8, java.specification.version=1.8, java.class.path=L:\00Kyokuto-Projects-Loyer\komoo\komoo-MP-Spring-myBatis-Maven\target\test-classes;L:\00Kyokuto-Projects-Loyer\komoo\komoo-MP-Spring-myBatis-Maven\target\classes;D:\Maven_localrepository\repository\org\loyerjava\loyerGUI\1.0\loyerGUI-1.0.jar;D:\Maven_localrepository\repository\org\loyerjava\jcommon\1.0.23\jcommon-1.0.23.jar;D:\Maven_localrepository\repository\org\loyerjava\jfreechart\1.0.19\jfreechart-1.0.19.jar;D:\Maven_localrepository\repository\org\loyerjava\jxl\2.6\jxl-2.6.jar;D:\Maven_localrepository\repository\org\loyerjava\mchange-commons-java\0.2.11\mchange-commons-java-0.2.11.jar;D:\Maven_localrepository\repository\org\loyerjava\org-netbeans-modules-java-j2seproject-copylibstask\1.0\org-netbeans-modules-java-j2seproject-copylibstask-1.0.jar;D:\Maven_localrepository\repository\org\loyerjava\RXTXcomm\1.0\RXTXcomm-1.0.jar;D:\Maven_localrepository\repository\org\mybatis\mybatis\3.2.1\mybatis-3.2.1.jar;D:\Maven_localrepository\repository\org\mybatis\mybatis-spring\1.2.0\mybatis-spring-1.2.0.jar;D:\Maven_localrepository\repository\com\mchange\c3p0\0.9.5.4\c3p0-0.9.5.4.jar;D:\Maven_localrepository\repository\com\mchange\mchange-commons-java\0.2.15\mchange-commons-java-0.2.15.jar;D:\Maven_localrepository\repository\mysql\mysql-connector-java\8.0.11\mysql-connector-java-8.0.11.jar;D:\Maven_localrepository\repository\com\google\protobuf\protobuf-java\2.6.0\protobuf-java-2.6.0.jar;D:\Maven_localrepository\repository\junit\junit\4.12\junit-4.12.jar;D:\Maven_localrepository\repository\org\hamcrest\hamcrest-core\1.3\hamcrest-core-1.3.jar;D:\Maven_localrepository\repository\log4j\log4j\1.2.12\log4j-1.2.12.jar;D:\Maven_localrepository\repository\org\slf4j\slf4j-api\1.6.6\slf4j-api-1.6.6.jar;D:\Maven_localrepository\repository\org\slf4j\slf4j-log4j12\1.6.6\slf4j-log4j12-1.6.6.jar;D:\Maven_localrepository\repository\commons-io\commons-io\2.2\commons-io-2.2.jar;D:\Maven_localrepository\repository\commons-logging\commons-logging\1.2\commons-logging-1.2.jar;D:\Maven_localrepository\repository\org\springframework\spring-core\4.3.18.RELEASE\spring-core-4.3.18.RELEASE.jar;D:\Maven_localrepository\repository\org\springframework\spring-webmvc\4.3.18.RELEASE\spring-webmvc-4.3.18.RELEASE.jar;D:\Maven_localrepository\repository\org\springframework\spring-beans\4.3.18.RELEASE\spring-beans-4.3.18.RELEASE.jar;D:\Maven_localrepository\repository\org\springframework\spring-expression\4.3.18.RELEASE\spring-expression-4.3.18.RELEASE.jar;D:\Maven_localrepository\repository\org\springframework\spring-web\4.3.18.RELEASE\spring-web-4.3.18.RELEASE.jar;D:\Maven_localrepository\repository\org\springframework\spring-context\4.3.18.RELEASE\spring-context-4.3.18.RELEASE.jar;D:\Maven_localrepository\repository\org\springframework\spring-context-support\4.3.18.RELEASE\spring-context-support-4.3.18.RELEASE.jar;D:\Maven_localrepository\repository\org\springframework\spring-aop\4.3.18.RELEASE\spring-aop-4.3.18.RELEASE.jar;D:\Maven_localrepository\repository\org\springframework\spring-aspects\4.3.18.RELEASE\spring-aspects-4.3.18.RELEASE.jar;D:\Maven_localrepository\repository\org\aspectj\aspectjweaver\1.8.9\aspectjweaver-1.8.9.jar;D:\Maven_localrepository\repository\org\springframework\spring-jdbc\4.3.18.RELEASE\spring-jdbc-4.3.18.RELEASE.jar;D:\Maven_localrepository\repository\org\springframework\spring-orm\4.3.18.RELEASE\spring-orm-4.3.18.RELEASE.jar;D:\Maven_localrepository\repository\org\springframework\spring-tx\4.3.18.RELEASE\spring-tx-4.3.18.RELEASE.jar;D:\Maven_localrepository\repository\org\springframework\spring-test\4.3.18.RELEASE\spring-test-4.3.18.RELEASE.jar;, user.name=hw076, java.vm.specification.version=1.8, sun.java.command=C:\Users\hw076\AppData\Local\Temp\surefire7252866630205138909\surefirebooter2778278561202904608.jar C:\Users\hw076\AppData\Local\Temp\surefire7252866630205138909 2019-09-09T17-33-44_146-jvmRun1 surefire8855551751347436837tmp surefire_04369174133312933615tmp, java.home=D:\Java\JDK8\jre, sun.arch.data.model=64, user.language=zh, java.specification.vendor=Oracle Corporation, awt.toolkit=sun.awt.windows.WToolkit, java.vm.info=mixed mode, java.version=1.8.0_181, java.ext.dirs=D:\Java\JDK8\jre\lib\ext;C:\WINDOWS\Sun\Java\lib\ext, sun.boot.class.path=D:\Java\JDK8\jre\lib\resources.jar;D:\Java\JDK8\jre\lib\rt.jar;D:\Java\JDK8\jre\lib\sunrsasign.jar;D:\Java\JDK8\jre\lib\jsse.jar;D:\Java\JDK8\jre\lib\jce.jar;D:\Java\JDK8\jre\lib\charsets.jar;D:\Java\JDK8\jre\lib\jfr.jar;D:\Java\JDK8\jre\classes, java.vendor=Oracle Corporation, localRepository=D:\Maven_localrepository\repository, file.separator=\, java.vendor.url.bug=http://bugreport.sun.com/bugreport/, sun.io.unicode.encoding=UnicodeLittle, sun.cpu.endian=little, sun.desktop=windows, sun.cpu.isalist=amd64}}, SystemEnvironmentPropertySource@1016925085 {name='systemEnvironment', properties={PATH=D:\Java\JDK8\bin;D:\Java\JDK8\jre\bin;C:\Program Files (x86)\Common Files\Oracle\Java\javapath;C:\WINDOWS\system32;C:\WINDOWS;C:\WINDOWS\System32\Wbem;C:\WINDOWS\System32\WindowsPowerShell\v1.0\;C:\Program Files (x86)\NVIDIA Corporation\PhysX\Common;D:\Program Files (x86)\TDM_GCC\bin;D:\mySQL\mysql-8.0\bin;C:\Program Files (x86)\Microsoft SQL Server\100\Tools\Binn\;C:\Program Files\Microsoft SQL Server\100\Tools\Binn\;C:\Program Files\Microsoft SQL Server\100\DTS\Binn\;C:\Program Files (x86)\Microsoft SQL Server\100\Tools\Binn\VSShell\Common7\IDE\;C:\Program Files (x86)\Microsoft SQL Server\100\DTS\Binn\;D:\Program Files (x86)\AD69\System;C:\Program Files (x86)\Microsoft SQL Server\140\Tools\Binn\;C:\Program Files\Microsoft SQL Server\140\Tools\Binn\;C:\Program Files (x86)\Microsoft SQL Server\140\DTS\Binn\;C:\Program Files\Microsoft SQL Server\140\DTS\Binn\;C:\Program Files\Microsoft SQL Server\Client SDK\ODBC\130\Tools\Binn\;C:\Program Files (x86)\Microsoft SQL Server\Client SDK\ODBC\130\Tools\Binn\;C:\Program Files (x86)\Microsoft SQL Server\140\Tools\Binn\ManagementStudio\;D:\Program Files (x86)\Git\Git\cmd;C:\Program Files (x86)\IVI Foundation\VISA\WinNT\Bin\;C:\Program Files\IVI Foundation\VISA\Win64\Bin\;C:\Program Files (x86)\IVI Foundation\VISA\WinNT\Bin;C:\Program Files (x86)\IVI Foundation\VISA\WinNT\ktvisa;C:\Program Files (x86)\IVI Foundation\IVI\bin;C:\Program Files\IVI Foundation\IVI\bin;C:\Program Files (x86)\IVI Foundation\VISA\winnt\agvisa;D:\tomcat\bin;D:\apache-ant-1.9.13\bin;D:\apache-maven-3.6.0\bin;C:\Program Files\TortoiseSVN\bin;C:\Program Files (x86)\Google\Chrome\Application\;E:\About_Loyer\chromego-master\ChromeGo\trojan\;C:\Users\hw076\AppData\Local\Microsoft\WindowsApps;;D:\Program Files (x86)\IDEA\IntelliJ IDEA 2018.3.5\bin;, USERDOMAIN_ROAMINGPROFILE=SJ-ZHUTIANYOU, PROCESSOR_LEVEL=6, SYSTEMDRIVE=C:, SESSIONNAME=Console, ALLUSERSPROFILE=C:\ProgramData, PROCESSOR_ARCHITECTURE=AMD64, NAVIGATOR_PLUGINS_PATH=;, VXIPNPPATH=C:\Program Files (x86)\IVI Foundation\VISA\, VS100COMNTOOLS=D:\Program Files (x86)\VS2010\Common7\Tools\, MAVEN_HOME=D:\apache-maven-3.6.0\bin\.., PROGRAMFILES=C:\Program Files, IVIROOTDIR64=C:\Program Files\IVI Foundation\IVI\, PSMODULEPATH=C:\Program Files\WindowsPowerShell\Modules;C:\WINDOWS\system32\WindowsPowerShell\v1.0\Modules;C:\Program Files (x86)\Microsoft SQL Server\140\Tools\PowerShell\Modules\, PROGRAMDATA=C:\ProgramData, USERNAME=hw076, WDIR=L:\, FPS_BROWSER_USER_PROFILE_STRING=Default, ONEDRIVE=C:\Users\hw076\OneDrive, VXIPNPPATH64=C:\Program Files\IVI Foundation\VISA\, PATHEXT=.COM;.EXE;.BAT;.CMD;.VBS;.VBE;.JS;.JSE;.WSF;.WSH;.MSC, ONEDRIVECONSUMER=C:\Users\hw076\OneDrive, CLASSWORLDS_JAR="D:\apache-maven-3.6.0\bin\..\boot\plexus-classworlds-2.5.2.jar", NIEXTCCOMPILERSUPP=C:\Program Files (x86)\National Instruments\Shared\ExternalCompilerSupport\C\, WINDIR=C:\WINDOWS, HOMEPATH=\Users\hw076, PROCESSOR_IDENTIFIER=Intel64 Family 6 Model 158 Stepping 9, GenuineIntel, IVIROOTDIR32=C:\Program Files (x86)\IVI Foundation\IVI\, M2_HOME=D:\apache-maven-3.6.0, PUBLIC=C:\Users\Public, =::=::\, =EXITCODE=00000000, LOCALAPPDATA=C:\Users\hw076\AppData\Local, COMMONPROGRAMFILES(X86)=C:\Program Files (x86)\Common Files, USERDOMAIN=SJ-ZHUTIANYOU, FPS_BROWSER_APP_PROFILE_STRING=Internet Explorer, LOGONSERVER=\\SJ-ZHUTIANYOU, JAVA_HOME=D:\Java\JDK8, PROMPT=$P$G, PROGRAMFILES(X86)=C:\Program Files (x86), ERROR_CODE=0, EXEC_DIR=L:\00Kyokuto-Projects-Loyer\komoo\komoo-MP-Spring-myBatis-Maven, INTELLIJ IDEA=D:\Program Files (x86)\IDEA\IntelliJ IDEA 2018.3.5\bin;, ANT_HOME=D:\apache-ant-1.9.13, CATALINA_BASE=D:\tomcat, =C:=C:\Users\hw076, APPDATA=C:\Users\hw076\AppData\Roaming, PROGRAMW6432=C:\Program Files, SYSTEMROOT=C:\WINDOWS, MAVEN_CMD_LINE_ARGS=test, OS=Windows_NT, COMMONPROGRAMW6432=C:\Program Files\Common Files, COMPUTERNAME=SJ-ZHUTIANYOU, NIIVIPATH=C:\Program Files (x86)\IVI Foundation\IVI\, COMMONPROGRAMFILES=C:\Program Files\Common Files, COMSPEC=C:\WINDOWS\system32\cmd.exe, CATALINA_HOME=D:\tomcat, JAVACMD=D:\Java\JDK8\bin\java.exe, MAVEN_PROJECTBASEDIR=L:\00Kyokuto-Projects-Loyer\komoo\komoo-MP-Spring-myBatis-Maven, =L:=L:\00Kyokuto-Projects-Loyer\komoo\komoo-MP-Spring-myBatis-Maven, CARBON_MEM_DISABLE=1, PROCESSOR_REVISION=9e09, CLASSPATH=.;D:\Java\JDK8\bin;D:\Java\JDK8\lib\dt.jar;D:\Java\JDK8\lib\tools.jar;D:\tomcat\lib\serverlet-api.jar;, CLASSWORLDS_LAUNCHER=org.codehaus.plexus.classworlds.launcher.Launcher, ALTIUMPATH=D:\Program Files (x86)\AD69\System, TEMP=C:\Users\hw076\AppData\Local\Temp, HOMEDRIVE=C:, USERPROFILE=C:\Users\hw076, TMP=C:\Users\hw076\AppData\Local\Temp, NUMBER_OF_PROCESSORS=4, JVMCONFIG=\.mvn\jvm.config}}]-[DEBUG]
[org.springframework.core.io.support.PathMatchingResourcePatternResolver]-Resolved classpath location [org/loyer/komoo/dao/] to resources [URL [file:/L:/00Kyokuto-Projects-Loyer/komoo/komoo-MP-Spring-myBatis-Maven/target/classes/org/loyer/komoo/dao/]]-[DEBUG]
[org.springframework.core.io.support.PathMatchingResourcePatternResolver]-Looking for matching resources in directory tree [L:\00Kyokuto-Projects-Loyer\komoo\komoo-MP-Spring-myBatis-Maven\target\classes\org\loyer\komoo\dao]-[DEBUG]
[org.springframework.core.io.support.PathMatchingResourcePatternResolver]-Searching directory [L:\00Kyokuto-Projects-Loyer\komoo\komoo-MP-Spring-myBatis-Maven\target\classes\org\loyer\komoo\dao] for files matching pattern [L:/00Kyokuto-Projects-Loyer/komoo/komoo-MP-Spring-myBatis-Maven/target/classes/org/loyer/komoo/dao/**/*.class]-[DEBUG]
[org.springframework.core.io.support.PathMatchingResourcePatternResolver]-Resolved location pattern [classpath*:org/loyer/komoo/dao/**/*.class] to resources [file [L:\00Kyokuto-Projects-Loyer\komoo\komoo-MP-Spring-myBatis-Maven\target\classes\org\loyer\komoo\dao\Ikm030smtDao.class], file [L:\00Kyokuto-Projects-Loyer\komoo\komoo-MP-Spring-myBatis-Maven\target\classes\org\loyer\komoo\dao\Ikm030smtRecordDao.class], file [L:\00Kyokuto-Projects-Loyer\komoo\komoo-MP-Spring-myBatis-Maven\target\classes\org\loyer\komoo\dao\Ikm030smtTestDao.class], file [L:\00Kyokuto-Projects-Loyer\komoo\komoo-MP-Spring-myBatis-Maven\target\classes\org\loyer\komoo\dao\Ikm030unitDao.class], file [L:\00Kyokuto-Projects-Loyer\komoo\komoo-MP-Spring-myBatis-Maven\target\classes\org\loyer\komoo\dao\Ikm030unitRecordDao.class], file [L:\00Kyokuto-Projects-Loyer\komoo\komoo-MP-Spring-myBatis-Maven\target\classes\org\loyer\komoo\dao\Ikm030unitTestDao.class], file [L:\00Kyokuto-Projects-Loyer\komoo\komoo-MP-Spring-myBatis-Maven\target\classes\org\loyer\komoo\dao\Ikm033smtDao.class], file [L:\00Kyokuto-Projects-Loyer\komoo\komoo-MP-Spring-myBatis-Maven\target\classes\org\loyer\komoo\dao\Ikm033smtRecordDao.class], file [L:\00Kyokuto-Projects-Loyer\komoo\komoo-MP-Spring-myBatis-Maven\target\classes\org\loyer\komoo\dao\Ikm033smtTestDao.class], file [L:\00Kyokuto-Projects-Loyer\komoo\komoo-MP-Spring-myBatis-Maven\target\classes\org\loyer\komoo\dao\Ikm033unitDao.class], file [L:\00Kyokuto-Projects-Loyer\komoo\komoo-MP-Spring-myBatis-Maven\target\classes\org\loyer\komoo\dao\Ikm033unitRecordDao.class], file [L:\00Kyokuto-Projects-Loyer\komoo\komoo-MP-Spring-myBatis-Maven\target\classes\org\loyer\komoo\dao\Ikm033unitTestDao.class], file [L:\00Kyokuto-Projects-Loyer\komoo\komoo-MP-Spring-myBatis-Maven\target\classes\org\loyer\komoo\dao\Ikm034smtDao.class], file [L:\00Kyokuto-Projects-Loyer\komoo\komoo-MP-Spring-myBatis-Maven\target\classes\org\loyer\komoo\dao\Ikm034smtRecordDao.class], file [L:\00Kyokuto-Projects-Loyer\komoo\komoo-MP-Spring-myBatis-Maven\target\classes\org\loyer\komoo\dao\Ikm034smtTestDao.class], file [L:\00Kyokuto-Projects-Loyer\komoo\komoo-MP-Spring-myBatis-Maven\target\classes\org\loyer\komoo\dao\Ikm034unitDao.class], file [L:\00Kyokuto-Projects-Loyer\komoo\komoo-MP-Spring-myBatis-Maven\target\classes\org\loyer\komoo\dao\Ikm034unitRecordDao.class], file [L:\00Kyokuto-Projects-Loyer\komoo\komoo-MP-Spring-myBatis-Maven\target\classes\org\loyer\komoo\dao\Ikm034unitTestDao.class], file [L:\00Kyokuto-Projects-Loyer\komoo\komoo-MP-Spring-myBatis-Maven\target\classes\org\loyer\komoo\dao\Ikm036smtDao.class], file [L:\00Kyokuto-Projects-Loyer\komoo\komoo-MP-Spring-myBatis-Maven\target\classes\org\loyer\komoo\dao\Ikm036smtRecordDao.class], file [L:\00Kyokuto-Projects-Loyer\komoo\komoo-MP-Spring-myBatis-Maven\target\classes\org\loyer\komoo\dao\Ikm036smtTestDao.class], file [L:\00Kyokuto-Projects-Loyer\komoo\komoo-MP-Spring-myBatis-Maven\target\classes\org\loyer\komoo\dao\Ikm036unitDao.class], file [L:\00Kyokuto-Projects-Loyer\komoo\komoo-MP-Spring-myBatis-Maven\target\classes\org\loyer\komoo\dao\Ikm036unitRecordDao.class], file [L:\00Kyokuto-Projects-Loyer\komoo\komoo-MP-Spring-myBatis-Maven\target\classes\org\loyer\komoo\dao\Ikm036unitTestDao.class], file [L:\00Kyokuto-Projects-Loyer\komoo\komoo-MP-Spring-myBatis-Maven\target\classes\org\loyer\komoo\dao\Ikm047smtDao.class], file [L:\00Kyokuto-Projects-Loyer\komoo\komoo-MP-Spring-myBatis-Maven\target\classes\org\loyer\komoo\dao\Ikm047smtRecordDao.class], file [L:\00Kyokuto-Projects-Loyer\komoo\komoo-MP-Spring-myBatis-Maven\target\classes\org\loyer\komoo\dao\Ikm047smtTestDao.class], file [L:\00Kyokuto-Projects-Loyer\komoo\komoo-MP-Spring-myBatis-Maven\target\classes\org\loyer\komoo\dao\Ikm047unitDao.class], file [L:\00Kyokuto-Projects-Loyer\komoo\komoo-MP-Spring-myBatis-Maven\target\classes\org\loyer\komoo\dao\Ikm047unitRecordDao.class], file [L:\00Kyokuto-Projects-Loyer\komoo\komoo-MP-Spring-myBatis-Maven\target\classes\org\loyer\komoo\dao\Ikm047unitTestDao.class], file [L:\00Kyokuto-Projects-Loyer\komoo\komoo-MP-Spring-myBatis-Maven\target\classes\org\loyer\komoo\dao\Ikm070smtDao.class], file [L:\00Kyokuto-Projects-Loyer\komoo\komoo-MP-Spring-myBatis-Maven\target\classes\org\loyer\komoo\dao\Ikm070smtRecordDao.class], file [L:\00Kyokuto-Projects-Loyer\komoo\komoo-MP-Spring-myBatis-Maven\target\classes\org\loyer\komoo\dao\Ikm070smtTestDao.class], file [L:\00Kyokuto-Projects-Loyer\komoo\komoo-MP-Spring-myBatis-Maven\target\classes\org\loyer\komoo\dao\Ikm070unitDao.class], file [L:\00Kyokuto-Projects-Loyer\komoo\komoo-MP-Spring-myBatis-Maven\target\classes\org\loyer\komoo\dao\Ikm070unitRecordDao.class], file [L:\00Kyokuto-Projects-Loyer\komoo\komoo-MP-Spring-myBatis-Maven\target\classes\org\loyer\komoo\dao\Ikm070unitTestDao.class], file [L:\00Kyokuto-Projects-Loyer\komoo\komoo-MP-Spring-myBatis-Maven\target\classes\org\loyer\komoo\dao\IProductTypeDao.class], file [L:\00Kyokuto-Projects-Loyer\komoo\komoo-MP-Spring-myBatis-Maven\target\classes\org\loyer\komoo\dao\IRecordDataDao.class], file [L:\00Kyokuto-Projects-Loyer\komoo\komoo-MP-Spring-myBatis-Maven\target\classes\org\loyer\komoo\dao\ITestDataDao.class], file [L:\00Kyokuto-Projects-Loyer\komoo\komoo-MP-Spring-myBatis-Maven\target\classes\org\loyer\komoo\dao\IUserDao.class], file [L:\00Kyokuto-Projects-Loyer\komoo\komoo-MP-Spring-myBatis-Maven\target\classes\org\loyer\komoo\dao\IViewDataDao.class]]-[DEBUG]
[org.mybatis.spring.mapper.ClassPathMapperScanner]-Identified candidate component class: file [L:\00Kyokuto-Projects-Loyer\komoo\komoo-MP-Spring-myBatis-Maven\target\classes\org\loyer\komoo\dao\Ikm030smtDao.class]-[DEBUG]
[org.mybatis.spring.mapper.ClassPathMapperScanner]-Identified candidate component class: file [L:\00Kyokuto-Projects-Loyer\komoo\komoo-MP-Spring-myBatis-Maven\target\classes\org\loyer\komoo\dao\Ikm030smtRecordDao.class]-[DEBUG]
[org.mybatis.spring.mapper.ClassPathMapperScanner]-Identified candidate component class: file [L:\00Kyokuto-Projects-Loyer\komoo\komoo-MP-Spring-myBatis-Maven\target\classes\org\loyer\komoo\dao\Ikm030smtTestDao.class]-[DEBUG]
[org.mybatis.spring.mapper.ClassPathMapperScanner]-Identified candidate component class: file [L:\00Kyokuto-Projects-Loyer\komoo\komoo-MP-Spring-myBatis-Maven\target\classes\org\loyer\komoo\dao\Ikm030unitDao.class]-[DEBUG]
[org.mybatis.spring.mapper.ClassPathMapperScanner]-Identified candidate component class: file [L:\00Kyokuto-Projects-Loyer\komoo\komoo-MP-Spring-myBatis-Maven\target\classes\org\loyer\komoo\dao\Ikm030unitRecordDao.class]-[DEBUG]
[org.mybatis.spring.mapper.ClassPathMapperScanner]-Identified candidate component class: file [L:\00Kyokuto-Projects-Loyer\komoo\komoo-MP-Spring-myBatis-Maven\target\classes\org\loyer\komoo\dao\Ikm030unitTestDao.class]-[DEBUG]
[org.mybatis.spring.mapper.ClassPathMapperScanner]-Identified candidate component class: file [L:\00Kyokuto-Projects-Loyer\komoo\komoo-MP-Spring-myBatis-Maven\target\classes\org\loyer\komoo\dao\Ikm033smtDao.class]-[DEBUG]
[org.mybatis.spring.mapper.ClassPathMapperScanner]-Identified candidate component class: file [L:\00Kyokuto-Projects-Loyer\komoo\komoo-MP-Spring-myBatis-Maven\target\classes\org\loyer\komoo\dao\Ikm033smtRecordDao.class]-[DEBUG]
[org.mybatis.spring.mapper.ClassPathMapperScanner]-Identified candidate component class: file [L:\00Kyokuto-Projects-Loyer\komoo\komoo-MP-Spring-myBatis-Maven\target\classes\org\loyer\komoo\dao\Ikm033smtTestDao.class]-[DEBUG]
[...]
[org.springframework.beans.factory.support.DefaultListableBeanFactory]-Creating shared instance of singleton bean 'ikm070smtDao'-[DEBUG]
[org.springframework.beans.factory.support.DefaultListableBeanFactory]-Creating instance of bean 'ikm070smtDao'-[DEBUG]
[org.springframework.beans.factory.support.DefaultListableBeanFactory]-Eagerly caching bean 'ikm070smtDao' to allow for resolving potential circular references-[DEBUG]
[org.springframework.beans.factory.support.DefaultListableBeanFactory]-Returning cached instance of singleton bean 'sqlSessionFactory'-[DEBUG]
[org.springframework.beans.factory.support.DefaultListableBeanFactory]-Invoking afterPropertiesSet() on bean with name 'ikm070smtDao'-[DEBUG]
[org.springframework.beans.factory.support.DefaultListableBeanFactory]-Finished creating instance of bean 'ikm070smtDao'-[DEBUG]
[org.springframework.beans.factory.support.DefaultListableBeanFactory]-Finished creating instance of bean 'km070smtService'-[DEBUG]
[org.springframework.beans.factory.support.DefaultListableBeanFactory]-Creating shared instance of singleton bean 'km070smtRecordService'-[DEBUG]
[org.springframework.beans.factory.support.DefaultListableBeanFactory]-Creating instance of bean 'km070smtRecordService'-[DEBUG]
[org.springframework.beans.factory.support.DefaultListableBeanFactory]-Eagerly caching bean 'km070smtRecordService' to allow for resolving potential circular references-[DEBUG]
[org.springframework.beans.factory.support.DefaultListableBeanFactory]-Creating shared instance of singleton bean 'ikm070smtRecordDao'-[DEBUG]
[org.springframework.beans.factory.support.DefaultListableBeanFactory]-Creating instance of bean 'ikm070smtRecordDao'-[DEBUG]
[org.springframework.beans.factory.support.DefaultListableBeanFactory]-Eagerly caching bean 'ikm070smtRecordDao' to allow for resolving potential circular references-[DEBUG]
[org.springframework.beans.factory.support.DefaultListableBeanFactory]-Returning cached instance of singleton bean 'sqlSessionFactory'-[DEBUG]
[org.springframework.beans.factory.support.DefaultListableBeanFactory]-Invoking afterPropertiesSet() on bean with name 'ikm070smtRecordDao'-[DEBUG]
[org.springframework.beans.factory.support.DefaultListableBeanFactory]-Finished creating instance of bean 'ikm070smtRecordDao'-[DEBUG]
[org.springframework.beans.factory.support.DefaultListableBeanFactory]-Finished creating instance of bean 'km070smtRecordService'-[DEBUG]
[org.springframework.beans.factory.support.DefaultListableBeanFactory]-Creating shared instance of singleton bean 'km070smtTestService'-[DEBUG]
[org.springframework.beans.factory.support.DefaultListableBeanFactory]-Creating instance of bean 'km070smtTestService'-[DEBUG]
[org.springframework.beans.factory.support.DefaultListableBeanFactory]-Eagerly caching bean 'km070smtTestService' to allow for resolving potential circular references-[DEBUG]
[org.springframework.beans.factory.support.DefaultListableBeanFactory]-Creating shared instance of singleton bean 'ikm070smtTestDao'-[DEBUG]
[org.springframework.beans.factory.support.DefaultListableBeanFactory]-Creating instance of bean 'ikm070smtTestDao'-[DEBUG]
[org.springframework.beans.factory.support.DefaultListableBeanFactory]-Eagerly caching bean 'ikm070smtTestDao' to allow for resolving potential circular references-[DEBUG]
[org.springframework.beans.factory.support.DefaultListableBeanFactory]-Returning cached instance of singleton bean 'sqlSessionFactory'-[DEBUG]
[org.springframework.beans.factory.support.DefaultListableBeanFactory]-Invoking afterPropertiesSet() on bean with name 'ikm070smtTestDao'-[DEBUG]
[org.springframework.beans.factory.support.DefaultListableBeanFactory]-Finished creating instance of bean 'ikm070smtTestDao'-[DEBUG]
[org.springframework.beans.factory.support.DefaultListableBeanFactory]-Finished creating instance of bean 'km070smtTestService'-[DEBUG]
[org.springframework.beans.factory.support.DefaultListableBeanFactory]-Creating shared instance of singleton bean 'km070unitService'-[DEBUG]
[org.springframework.beans.factory.support.DefaultListableBeanFactory]-Creating instance of bean 'km070unitService'-[DEBUG]
[org.springframework.beans.factory.support.DefaultListableBeanFactory]-Eagerly caching bean 'km070unitService' to allow for resolving potential circular references-[DEBUG]
[org.springframework.beans.factory.support.DefaultListableBeanFactory]-Creating shared instance of singleton bean 'ikm070unitDao'-[DEBUG]
[org.springframework.beans.factory.support.DefaultListableBeanFactory]-Creating instance of bean 'ikm070unitDao'-[DEBUG]
[org.springframework.beans.factory.support.DefaultListableBeanFactory]-Eagerly caching bean 'ikm070unitDao' to allow for resolving potential circular references-[DEBUG]
[org.springframework.beans.factory.support.DefaultListableBeanFactory]-Returning cached instance of singleton bean 'sqlSessionFactory'-[DEBUG]
[org.springframework.beans.factory.support.DefaultListableBeanFactory]-Invoking afterPropertiesSet() on bean with name 'ikm070unitDao'-[DEBUG]
[org.springframework.beans.factory.support.DefaultListableBeanFactory]-Finished creating instance of bean 'ikm070unitDao'-[DEBUG]
[org.springframework.beans.factory.support.DefaultListableBeanFactory]-Finished creating instance of bean 'km070unitService'-[DEBUG]
[org.springframework.beans.factory.support.DefaultListableBeanFactory]-Creating shared instance of singleton bean 'km070unitRecordService'-[DEBUG]
[org.springframework.beans.factory.support.DefaultListableBeanFactory]-Creating instance of bean 'km070unitRecordService'-[DEBUG]
[org.springframework.beans.factory.support.DefaultListableBeanFactory]-Eagerly caching bean 'km070unitRecordService' to allow for resolving potential circular references-[DEBUG]
[org.springframework.beans.factory.support.DefaultListableBeanFactory]-Creating shared instance of singleton bean 'ikm070unitRecordDao'-[DEBUG]
[org.springframework.beans.factory.support.DefaultListableBeanFactory]-Creating instance of bean 'ikm070unitRecordDao'-[DEBUG]
[org.springframework.beans.factory.support.DefaultListableBeanFactory]-Eagerly caching bean 'ikm070unitRecordDao' to allow for resolving potential circular references-[DEBUG]
[org.springframework.beans.factory.support.DefaultListableBeanFactory]-Returning cached instance of singleton bean 'sqlSessionFactory'-[DEBUG]
[org.springframework.beans.factory.support.DefaultListableBeanFactory]-Invoking afterPropertiesSet() on bean with name 'ikm070unitRecordDao'-[DEBUG]
[org.springframework.beans.factory.support.DefaultListableBeanFactory]-Finished creating instance of bean 'ikm070unitRecordDao'-[DEBUG]
[org.springframework.beans.factory.support.DefaultListableBeanFactory]-Finished creating instance of bean 'km070unitRecordService'-[DEBUG]
[org.springframework.beans.factory.support.DefaultListableBeanFactory]-Creating shared instance of singleton bean 'km070unitTestService'-[DEBUG]
[org.springframework.beans.factory.support.DefaultListableBeanFactory]-Creating instance of bean 'km070unitTestService'-[DEBUG]
[org.springframework.beans.factory.support.DefaultListableBeanFactory]-Eagerly caching bean 'km070unitTestService' to allow for resolving potential circular references-[DEBUG]
[org.springframework.beans.factory.support.DefaultListableBeanFactory]-Creating shared instance of singleton bean 'ikm070unitTestDao'-[DEBUG]
[org.springframework.beans.factory.support.DefaultListableBeanFactory]-Creating instance of bean 'ikm070unitTestDao'-[DEBUG]
[org.springframework.beans.factory.support.DefaultListableBeanFactory]-Eagerly caching bean 'ikm070unitTestDao' to allow for resolving potential circular references-[DEBUG]
[org.springframework.beans.factory.support.DefaultListableBeanFactory]-Returning cached instance of singleton bean 'sqlSessionFactory'-[DEBUG]
[org.springframework.beans.factory.support.DefaultListableBeanFactory]-Invoking afterPropertiesSet() on bean with name 'ikm070unitTestDao'-[DEBUG]
[org.springframework.beans.factory.support.DefaultListableBeanFactory]-Finished creating instance of bean 'ikm070unitTestDao'-[DEBUG]
[org.springframework.beans.factory.support.DefaultListableBeanFactory]-Finished creating instance of bean 'km070unitTestService'-[DEBUG]
[org.springframework.beans.factory.support.DefaultListableBeanFactory]-Creating shared instance of singleton bean 'productType'-[DEBUG]
[org.springframework.beans.factory.support.DefaultListableBeanFactory]-Creating instance of bean 'productType'-[DEBUG]
[org.springframework.beans.factory.support.DefaultListableBeanFactory]-Eagerly caching bean 'productType' to allow for resolving potential circular references-[DEBUG]
[org.springframework.beans.factory.support.DefaultListableBeanFactory]-Creating shared instance of singleton bean 'IProductTypeDao'-[DEBUG]
[org.springframework.beans.factory.support.DefaultListableBeanFactory]-Creating instance of bean 'IProductTypeDao'-[DEBUG]
[org.springframework.beans.factory.support.DefaultListableBeanFactory]-Eagerly caching bean 'IProductTypeDao' to allow for resolving potential circular references-[DEBUG]
[org.springframework.beans.factory.support.DefaultListableBeanFactory]-Returning cached instance of singleton bean 'sqlSessionFactory'-[DEBUG]
[org.springframework.beans.factory.support.DefaultListableBeanFactory]-Invoking afterPropertiesSet() on bean with name 'IProductTypeDao'-[DEBUG]
[org.springframework.beans.factory.support.DefaultListableBeanFactory]-Finished creating instance of bean 'IProductTypeDao'-[DEBUG]
[org.springframework.beans.factory.support.DefaultListableBeanFactory]-Finished creating instance of bean 'productType'-[DEBUG]
[org.springframework.beans.factory.support.DefaultListableBeanFactory]-Creating shared instance of singleton bean 'user'-[DEBUG]
[org.springframework.beans.factory.support.DefaultListableBeanFactory]-Creating instance of bean 'user'-[DEBUG]
[org.springframework.beans.factory.support.DefaultListableBeanFactory]-Eagerly caching bean 'user' to allow for resolving potential circular references-[DEBUG]
[org.springframework.beans.factory.support.DefaultListableBeanFactory]-Creating shared instance of singleton bean 'IUserDao'-[DEBUG]
[org.springframework.beans.factory.support.DefaultListableBeanFactory]-Creating instance of bean 'IUserDao'-[DEBUG]
[org.springframework.beans.factory.support.DefaultListableBeanFactory]-Eagerly caching bean 'IUserDao' to allow for resolving potential circular references-[DEBUG]
[org.springframework.beans.factory.support.DefaultListableBeanFactory]-Returning cached instance of singleton bean 'sqlSessionFactory'-[DEBUG]
[org.springframework.beans.factory.support.DefaultListableBeanFactory]-Invoking afterPropertiesSet() on bean with name 'IUserDao'-[DEBUG]
[org.springframework.beans.factory.support.DefaultListableBeanFactory]-Finished creating instance of bean 'IUserDao'-[DEBUG]
[org.springframework.beans.factory.support.DefaultListableBeanFactory]-Finished creating instance of bean 'user'-[DEBUG]
[org.springframework.beans.factory.support.DefaultListableBeanFactory]-Returning cached instance of singleton bean 'ikm030smtDao'-[DEBUG]
[org.springframework.beans.factory.support.DefaultListableBeanFactory]-Returning cached instance of singleton bean 'ikm030smtRecordDao'-[DEBUG]
[org.springframework.beans.factory.support.DefaultListableBeanFactory]-Returning cached instance of singleton bean 'ikm030smtTestDao'-[DEBUG]
[org.springframework.beans.factory.support.DefaultListableBeanFactory]-Returning cached instance of singleton bean 'ikm030unitDao'-[DEBUG]
[org.springframework.beans.factory.support.DefaultListableBeanFactory]-Returning cached instance of singleton bean 'ikm030unitRecordDao'-[DEBUG]
[org.springframework.beans.factory.support.DefaultListableBeanFactory]-Returning cached instance of singleton bean 'ikm030unitTestDao'-[DEBUG]
[org.springframework.beans.factory.support.DefaultListableBeanFactory]-Returning cached instance of singleton bean 'ikm033smtDao'-[DEBUG]
[org.springframework.beans.factory.support.DefaultListableBeanFactory]-Returning cached instance of singleton bean 'ikm033smtRecordDao'-[DEBUG]
[org.springframework.beans.factory.support.DefaultListableBeanFactory]-Returning cached instance of singleton bean 'ikm033smtTestDao'-[DEBUG]
[org.springframework.beans.factory.support.DefaultListableBeanFactory]-Returning cached instance of singleton bean 'ikm033unitDao'-[DEBUG]
[org.springframework.beans.factory.support.DefaultListableBeanFactory]-Returning cached instance of singleton bean 'ikm033unitRecordDao'-[DEBUG]
[org.springframework.beans.factory.support.DefaultListableBeanFactory]-Returning cached instance of singleton bean 'ikm033unitTestDao'-[DEBUG]
[org.springframework.beans.factory.support.DefaultListableBeanFactory]-Returning cached instance of singleton bean 'ikm034smtDao'-[DEBUG]
[org.springframework.beans.factory.support.DefaultListableBeanFactory]-Returning cached instance of singleton bean 'ikm034smtRecordDao'-[DEBUG]
[org.springframework.beans.factory.support.DefaultListableBeanFactory]-Returning cached instance of singleton bean 'ikm034smtTestDao'-[DEBUG]
[org.springframework.beans.factory.support.DefaultListableBeanFactory]-Returning cached instance of singleton bean 'ikm034unitDao'-[DEBUG]
[org.springframework.beans.factory.support.DefaultListableBeanFactory]-Returning cached instance of singleton bean 'ikm034unitRecordDao'-[DEBUG]
[org.springframework.beans.factory.support.DefaultListableBeanFactory]-Returning cached instance of singleton bean 'ikm034unitTestDao'-[DEBUG]
[org.springframework.beans.factory.support.DefaultListableBeanFactory]-Returning cached instance of singleton bean 'ikm036smtDao'-[DEBUG]
[org.springframework.beans.factory.support.DefaultListableBeanFactory]-Returning cached instance of singleton bean 'ikm036smtRecordDao'-[DEBUG]
[org.springframework.beans.factory.support.DefaultListableBeanFactory]-Returning cached instance of singleton bean 'ikm036smtTestDao'-[DEBUG]
[org.springframework.beans.factory.support.DefaultListableBeanFactory]-Returning cached instance of singleton bean 'ikm036unitDao'-[DEBUG]
[org.springframework.beans.factory.support.DefaultListableBeanFactory]-Returning cached instance of singleton bean 'ikm036unitRecordDao'-[DEBUG]
[org.springframework.beans.factory.support.DefaultListableBeanFactory]-Returning cached instance of singleton bean 'ikm036unitTestDao'-[DEBUG]
[org.springframework.beans.factory.support.DefaultListableBeanFactory]-Returning cached instance of singleton bean 'ikm047smtDao'-[DEBUG]
[org.springframework.beans.factory.support.DefaultListableBeanFactory]-Returning cached instance of singleton bean 'ikm047smtRecordDao'-[DEBUG]
[org.springframework.beans.factory.support.DefaultListableBeanFactory]-Returning cached instance of singleton bean 'ikm047smtTestDao'-[DEBUG]
[org.springframework.beans.factory.support.DefaultListableBeanFactory]-Returning cached instance of singleton bean 'ikm047unitDao'-[DEBUG]
[org.springframework.beans.factory.support.DefaultListableBeanFactory]-Returning cached instance of singleton bean 'ikm047unitRecordDao'-[DEBUG]
[org.springframework.beans.factory.support.DefaultListableBeanFactory]-Returning cached instance of singleton bean 'ikm047unitTestDao'-[DEBUG]
[org.springframework.beans.factory.support.DefaultListableBeanFactory]-Returning cached instance of singleton bean 'ikm070smtDao'-[DEBUG]
[org.springframework.beans.factory.support.DefaultListableBeanFactory]-Returning cached instance of singleton bean 'ikm070smtRecordDao'-[DEBUG]
[org.springframework.beans.factory.support.DefaultListableBeanFactory]-Returning cached instance of singleton bean 'ikm070smtTestDao'-[DEBUG]
[org.springframework.beans.factory.support.DefaultListableBeanFactory]-Returning cached instance of singleton bean 'ikm070unitDao'-[DEBUG]
[org.springframework.beans.factory.support.DefaultListableBeanFactory]-Returning cached instance of singleton bean 'ikm070unitRecordDao'-[DEBUG]
[org.springframework.beans.factory.support.DefaultListableBeanFactory]-Returning cached instance of singleton bean 'ikm070unitTestDao'-[DEBUG]
[org.springframework.beans.factory.support.DefaultListableBeanFactory]-Returning cached instance of singleton bean 'IProductTypeDao'-[DEBUG]
[org.springframework.beans.factory.support.DefaultListableBeanFactory]-Creating shared instance of singleton bean 'IRecordDataDao'-[DEBUG]
[org.springframework.beans.factory.support.DefaultListableBeanFactory]-Creating instance of bean 'IRecordDataDao'-[DEBUG]
[org.springframework.beans.factory.support.DefaultListableBeanFactory]-Eagerly caching bean 'IRecordDataDao' to allow for resolving potential circular references-[DEBUG]
[org.springframework.beans.factory.support.DefaultListableBeanFactory]-Returning cached instance of singleton bean 'sqlSessionFactory'-[DEBUG]
[org.springframework.beans.factory.support.DefaultListableBeanFactory]-Invoking afterPropertiesSet() on bean with name 'IRecordDataDao'-[DEBUG]
[org.springframework.beans.factory.support.DefaultListableBeanFactory]-Finished creating instance of bean 'IRecordDataDao'-[DEBUG]
[org.springframework.beans.factory.support.DefaultListableBeanFactory]-Creating shared instance of singleton bean 'ITestDataDao'-[DEBUG]
[org.springframework.beans.factory.support.DefaultListableBeanFactory]-Creating instance of bean 'ITestDataDao'-[DEBUG]
[org.springframework.beans.factory.support.DefaultListableBeanFactory]-Eagerly caching bean 'ITestDataDao' to allow for resolving potential circular references-[DEBUG]
[org.springframework.beans.factory.support.DefaultListableBeanFactory]-Returning cached instance of singleton bean 'sqlSessionFactory'-[DEBUG]
[org.springframework.beans.factory.support.DefaultListableBeanFactory]-Invoking afterPropertiesSet() on bean with name 'ITestDataDao'-[DEBUG]
[org.springframework.beans.factory.support.DefaultListableBeanFactory]-Finished creating instance of bean 'ITestDataDao'-[DEBUG]
[org.springframework.beans.factory.support.DefaultListableBeanFactory]-Returning cached instance of singleton bean 'IUserDao'-[DEBUG]
[org.springframework.beans.factory.support.DefaultListableBeanFactory]-Creating shared instance of singleton bean 'IViewDataDao'-[DEBUG]
[org.springframework.beans.factory.support.DefaultListableBeanFactory]-Creating instance of bean 'IViewDataDao'-[DEBUG]
[org.springframework.beans.factory.support.DefaultListableBeanFactory]-Eagerly caching bean 'IViewDataDao' to allow for resolving potential circular references-[DEBUG]
[org.springframework.beans.factory.support.DefaultListableBeanFactory]-Returning cached instance of singleton bean 'sqlSessionFactory'-[DEBUG]
[org.springframework.beans.factory.support.DefaultListableBeanFactory]-Invoking afterPropertiesSet() on bean with name 'IViewDataDao'-[DEBUG]
[org.springframework.beans.factory.support.DefaultListableBeanFactory]-Finished creating instance of bean 'IViewDataDao'-[DEBUG]
[org.springframework.beans.factory.support.DefaultListableBeanFactory]-Returning cached instance of singleton bean 'org.springframework.context.event.internalEventListenerFactory'-[DEBUG]
[org.springframework.context.support.ClassPathXmlApplicationContext]-Unable to locate LifecycleProcessor with name 'lifecycleProcessor': using default [org.springframework.context.support.DefaultLifecycleProcessor@6ca18a14]-[DEBUG]
[org.springframework.beans.factory.support.DefaultListableBeanFactory]-Returning cached instance of singleton bean 'lifecycleProcessor'-[DEBUG]
[org.springframework.beans.factory.support.DefaultListableBeanFactory]-Returning cached instance of singleton bean 'sqlSessionFactory'-[DEBUG]
[org.springframework.core.env.PropertySourcesPropertyResolver]-Could not find key 'spring.liveBeansView.mbeanDomain' in any property source-[DEBUG]
[org.springframework.beans.factory.support.DefaultListableBeanFactory]-Returning cached instance of singleton bean 'user'-[DEBUG]
]]></system-err>
  </testcase>
</testsuite>